2025-01-04T17:43:29.660+01:00  INFO 21376 --- [zaraservice] [main] c.z.zaraservice.ZaraserviceApplication   : Starting ZaraserviceApplication using Java 17.0.10 with PID 21376 (F:\Zara service\zaraservice\target\classes started by PC in F:\Zara service\zaraservice)
2025-01-04T17:43:29.670+01:00 DEBUG 21376 --- [zaraservice] [main] c.z.zaraservice.ZaraserviceApplication   : Running with Spring Boot v3.4.0, Spring v6.2.0
2025-01-04T17:43:29.674+01:00  INFO 21376 --- [zaraservice] [main] c.z.zaraservice.ZaraserviceApplication   : No active profile set, falling back to 1 default profile: "default"
2025-01-04T17:43:32.146+01:00  INFO 21376 --- [zaraservice] [main] .s.d.r.c.RepositoryConfigurationDelegate : Bootstrapping Spring Data JPA repositories in DEFAULT mode.
2025-01-04T17:43:32.310+01:00  INFO 21376 --- [zaraservice] [main] .s.d.r.c.RepositoryConfigurationDelegate : Finished Spring Data repository scanning in 140 ms. Found 8 JPA repository interfaces.
2025-01-04T17:43:35.200+01:00  INFO 21376 --- [zaraservice] [main] o.s.b.w.embedded.tomcat.TomcatWebServer  : Tomcat initialized with port 8080 (http)
2025-01-04T17:43:35.238+01:00  INFO 21376 --- [zaraservice] [main] o.apache.catalina.core.StandardService   : Starting service [Tomcat]
2025-01-04T17:43:35.239+01:00  INFO 21376 --- [zaraservice] [main] o.apache.catalina.core.StandardEngine    : Starting Servlet engine: [Apache Tomcat/10.1.33]
2025-01-04T17:43:35.652+01:00  INFO 21376 --- [zaraservice] [main] o.a.c.c.C.[.[localhost].[/v1/api]        : Initializing Spring embedded WebApplicationContext
2025-01-04T17:43:35.655+01:00  INFO 21376 --- [zaraservice] [main] w.s.c.ServletWebServerApplicationContext : Root WebApplicationContext: initialization completed in 5798 ms
2025-01-04T17:43:36.024+01:00  INFO 21376 --- [zaraservice] [main] o.hibernate.jpa.internal.util.LogHelper  : HHH000204: Processing PersistenceUnitInfo [name: default]
2025-01-04T17:43:36.228+01:00  INFO 21376 --- [zaraservice] [main] org.hibernate.Version                    : HHH000412: Hibernate ORM core version 6.6.2.Final
2025-01-04T17:43:36.324+01:00  INFO 21376 --- [zaraservice] [main] o.h.c.internal.RegionFactoryInitiator    : HHH000026: Second-level cache disabled
2025-01-04T17:43:37.854+01:00  INFO 21376 --- [zaraservice] [main] o.s.o.j.p.SpringPersistenceUnitInfo      : No LoadTimeWeaver setup: ignoring JPA class transformer
2025-01-04T17:43:37.977+01:00  INFO 21376 --- [zaraservice] [main] com.zaxxer.hikari.HikariDataSource       : HikariPool-1 - Starting...
2025-01-04T17:43:38.684+01:00  INFO 21376 --- [zaraservice] [main] com.zaxxer.hikari.pool.HikariPool        : HikariPool-1 - Added connection org.postgresql.jdbc.PgConnection@29b8df5
2025-01-04T17:43:38.687+01:00  INFO 21376 --- [zaraservice] [main] com.zaxxer.hikari.HikariDataSource       : HikariPool-1 - Start completed.
2025-01-04T17:43:38.806+01:00  WARN 21376 --- [zaraservice] [main] org.hibernate.orm.deprecation            : HHH90000025: PostgreSQLDialect does not need to be specified explicitly using 'hibernate.dialect' (remove the property setting and it will be selected by default)
2025-01-04T17:43:38.852+01:00  INFO 21376 --- [zaraservice] [main] org.hibernate.orm.connections.pooling    : HHH10001005: Database info:
	Database JDBC URL [Connecting through datasource 'HikariDataSource (HikariPool-1)']
	Database driver: undefined/unknown
	Database version: 17.2
	Autocommit mode: undefined/unknown
	Isolation level: undefined/unknown
	Minimum pool size: undefined/unknown
	Maximum pool size: undefined/unknown
2025-01-04T17:43:44.547+01:00  INFO 21376 --- [zaraservice] [main] o.h.e.t.j.p.i.JtaPlatformInitiator       : HHH000489: No JTA platform available (set 'hibernate.transaction.jta.platform' to enable JTA platform integration)
2025-01-04T17:43:45.053+01:00  INFO 21376 --- [zaraservice] [main] j.LocalContainerEntityManagerFactoryBean : Initialized JPA EntityManagerFactory for persistence unit 'default'
2025-01-04T17:43:46.006+01:00 DEBUG 21376 --- [zaraservice] [main] c.zara.zaraservice.security.JwtFilter    : Filter 'jwtFilter' configured for use
2025-01-04T17:43:46.168+01:00  INFO 21376 --- [zaraservice] [main] o.s.d.j.r.query.QueryEnhancerFactory     : Hibernate is in classpath; If applicable, HQL parser will be used.
2025-01-04T17:43:51.732+01:00  INFO 21376 --- [zaraservice] [main] r$InitializeUserDetailsManagerConfigurer : Global AuthenticationManager configured with UserDetailsService bean with name userDetailsServiceImpl
2025-01-04T17:43:51.901+01:00  WARN 21376 --- [zaraservice] [main] JpaBaseConfiguration$JpaWebConfiguration : spring.jpa.open-in-view is enabled by default. Therefore, database queries may be performed during view rendering. Explicitly configure spring.jpa.open-in-view to disable this warning
2025-01-04T17:43:55.435+01:00  INFO 21376 --- [zaraservice] [main] o.s.m.s.b.SimpleBrokerMessageHandler     : Starting...
2025-01-04T17:43:55.437+01:00  INFO 21376 --- [zaraservice] [main] o.s.m.s.b.SimpleBrokerMessageHandler     : BrokerAvailabilityEvent[available=true, SimpleBrokerMessageHandler [org.springframework.messaging.simp.broker.DefaultSubscriptionRegistry@258fe58c]]
2025-01-04T17:43:55.438+01:00  INFO 21376 --- [zaraservice] [main] o.s.m.s.b.SimpleBrokerMessageHandler     : Started.
2025-01-04T17:43:55.504+01:00  INFO 21376 --- [zaraservice] [main] o.s.b.w.embedded.tomcat.TomcatWebServer  : Tomcat started on port 8080 (http) with context path '/v1/api'
2025-01-04T17:43:55.536+01:00  INFO 21376 --- [zaraservice] [main] c.z.zaraservice.ZaraserviceApplication   : Started ZaraserviceApplication in 27.303 seconds (process running for 28.515)
2025-01-04T17:44:01.918+01:00  INFO 21376 --- [zaraservice] [http-nio-8080-exec-2] o.a.c.c.C.[.[localhost].[/v1/api]        : Initializing Spring DispatcherServlet 'dispatcherServlet'
2025-01-04T17:44:01.919+01:00  INFO 21376 --- [zaraservice] [http-nio-8080-exec-2] o.s.web.servlet.DispatcherServlet        : Initializing Servlet 'dispatcherServlet'
2025-01-04T17:44:01.923+01:00  INFO 21376 --- [zaraservice] [http-nio-8080-exec-2] o.s.web.servlet.DispatcherServlet        : Completed initialization in 4 ms
2025-01-04T17:44:02.621+01:00 ERROR 21376 --- [zaraservice] [http-nio-8080-exec-2] o.a.c.c.C.[.[.[.[dispatcherServlet]      : Servlet.service() for servlet [dispatcherServlet] in context with path [/v1/api] threw exception [Handler dispatch failed: java.lang.StackOverflowError] with root cause

java.lang.StackOverflowError: null
	at com.zara.zaraservice.entity.UserEntity.toString(UserEntity.java:10) ~[classes/:na]
	at java.base/java.lang.StringConcatHelper.stringOf(StringConcatHelper.java:453) ~[na:na]
	at com.zara.zaraservice.entity.ClientEntity.toString(ClientEntity.java:11) ~[classes/:na]
	at java.base/java.lang.StringConcatHelper.stringOf(StringConcatHelper.java:453) ~[na:na]
	at com.zara.zaraservice.entity.UserEntity.toString(UserEntity.java:10) ~[classes/:na]
	at java.base/java.lang.StringConcatHelper.stringOf(StringConcatHelper.java:453) ~[na:na]
	at com.zara.zaraservice.entity.ClientEntity.toString(ClientEntity.java:11) ~[classes/:na]
	at java.base/java.lang.StringConcatHelper.stringOf(StringConcatHelper.java:453) ~[na:na]
	at com.zara.zaraservice.entity.UserEntity.toString(UserEntity.java:10) ~[classes/:na]
	at java.base/java.lang.StringConcatHelper.stringOf(StringConcatHelper.java:453) ~[na:na]
	at com.zara.zaraservice.entity.ClientEntity.toString(ClientEntity.java:11) ~[classes/:na]
	at java.base/java.lang.StringConcatHelper.stringOf(StringConcatHelper.java:453) ~[na:na]
	at com.zara.zaraservice.entity.UserEntity.toString(UserEntity.java:10) ~[classes/:na]
	at java.base/java.lang.StringConcatHelper.stringOf(StringConcatHelper.java:453) ~[na:na]
	at com.zara.zaraservice.entity.ClientEntity.toString(ClientEntity.java:11) ~[classes/:na]
	at java.base/java.lang.StringConcatHelper.stringOf(StringConcatHelper.java:453) ~[na:na]
	at com.zara.zaraservice.entity.UserEntity.toString(UserEntity.java:10) ~[classes/:na]
	at java.base/java.lang.StringConcatHelper.stringOf(StringConcatHelper.java:453) ~[na:na]
	at com.zara.zaraservice.entity.ClientEntity.toString(ClientEntity.java:11) ~[classes/:na]
	at java.base/java.lang.StringConcatHelper.stringOf(StringConcatHelper.java:453) ~[na:na]
	at com.zara.zaraservice.entity.UserEntity.toString(UserEntity.java:10) ~[classes/:na]
	at java.base/java.lang.StringConcatHelper.stringOf(StringConcatHelper.java:453) ~[na:na]
	at com.zara.zaraservice.entity.ClientEntity.toString(ClientEntity.java:11) ~[classes/:na]
	at java.base/java.lang.StringConcatHelper.stringOf(StringConcatHelper.java:453) ~[na:na]
	at com.zara.zaraservice.entity.UserEntity.toString(UserEntity.java:10) ~[classes/:na]
	at java.base/java.lang.StringConcatHelper.stringOf(StringConcatHelper.java:453) ~[na:na]
	at com.zara.zaraservice.entity.ClientEntity.toString(ClientEntity.java:11) ~[classes/:na]
	at java.base/java.lang.StringConcatHelper.stringOf(StringConcatHelper.java:453) ~[na:na]
	at com.zara.zaraservice.entity.UserEntity.toString(UserEntity.java:10) ~[classes/:na]
	at java.base/java.lang.StringConcatHelper.stringOf(StringConcatHelper.java:453) ~[na:na]
	at com.zara.zaraservice.entity.ClientEntity.toString(ClientEntity.java:11) ~[classes/:na]
	at java.base/java.lang.StringConcatHelper.stringOf(StringConcatHelper.java:453) ~[na:na]
	at com.zara.zaraservice.entity.UserEntity.toString(UserEntity.java:10) ~[classes/:na]
	at java.base/java.lang.StringConcatHelper.stringOf(StringConcatHelper.java:453) ~[na:na]
	at com.zara.zaraservice.entity.ClientEntity.toString(ClientEntity.java:11) ~[classes/:na]
	at java.base/java.lang.StringConcatHelper.stringOf(StringConcatHelper.java:453) ~[na:na]
	at com.zara.zaraservice.entity.UserEntity.toString(UserEntity.java:10) ~[classes/:na]
	at java.base/java.lang.StringConcatHelper.stringOf(StringConcatHelper.java:453) ~[na:na]
	at com.zara.zaraservice.entity.ClientEntity.toString(ClientEntity.java:11) ~[classes/:na]
	at java.base/java.lang.StringConcatHelper.stringOf(StringConcatHelper.java:453) ~[na:na]
	at com.zara.zaraservice.entity.UserEntity.toString(UserEntity.java:10) ~[classes/:na]
	at java.base/java.lang.StringConcatHelper.stringOf(StringConcatHelper.java:453) ~[na:na]
	at com.zara.zaraservice.entity.ClientEntity.toString(ClientEntity.java:11) ~[classes/:na]
	at java.base/java.lang.StringConcatHelper.stringOf(StringConcatHelper.java:453) ~[na:na]
	at com.zara.zaraservice.entity.UserEntity.toString(UserEntity.java:10) ~[classes/:na]
	at java.base/java.lang.StringConcatHelper.stringOf(StringConcatHelper.java:453) ~[na:na]
	at com.zara.zaraservice.entity.ClientEntity.toString(ClientEntity.java:11) ~[classes/:na]
	at java.base/java.lang.StringConcatHelper.stringOf(StringConcatHelper.java:453) ~[na:na]
	at com.zara.zaraservice.entity.UserEntity.toString(UserEntity.java:10) ~[classes/:na]
	at java.base/java.lang.StringConcatHelper.stringOf(StringConcatHelper.java:453) ~[na:na]
	at com.zara.zaraservice.entity.ClientEntity.toString(ClientEntity.java:11) ~[classes/:na]
	at java.base/java.lang.StringConcatHelper.stringOf(StringConcatHelper.java:453) ~[na:na]
	at com.zara.zaraservice.entity.UserEntity.toString(UserEntity.java:10) ~[classes/:na]
	at java.base/java.lang.StringConcatHelper.stringOf(StringConcatHelper.java:453) ~[na:na]
	at com.zara.zaraservice.entity.ClientEntity.toString(ClientEntity.java:11) ~[classes/:na]
	at java.base/java.lang.StringConcatHelper.stringOf(StringConcatHelper.java:453) ~[na:na]
	at com.zara.zaraservice.entity.UserEntity.toString(UserEntity.java:10) ~[classes/:na]
	at java.base/java.lang.StringConcatHelper.stringOf(StringConcatHelper.java:453) ~[na:na]
	at com.zara.zaraservice.entity.ClientEntity.toString(ClientEntity.java:11) ~[classes/:na]
	at java.base/java.lang.StringConcatHelper.stringOf(StringConcatHelper.java:453) ~[na:na]
	at com.zara.zaraservice.entity.UserEntity.toString(UserEntity.java:10) ~[classes/:na]
	at java.base/java.lang.StringConcatHelper.stringOf(StringConcatHelper.java:453) ~[na:na]
	at com.zara.zaraservice.entity.ClientEntity.toString(ClientEntity.java:11) ~[classes/:na]
	at java.base/java.lang.StringConcatHelper.stringOf(StringConcatHelper.java:453) ~[na:na]
	at com.zara.zaraservice.entity.UserEntity.toString(UserEntity.java:10) ~[classes/:na]
	at java.base/java.lang.StringConcatHelper.stringOf(StringConcatHelper.java:453) ~[na:na]
	at com.zara.zaraservice.entity.ClientEntity.toString(ClientEntity.java:11) ~[classes/:na]
	at java.base/java.lang.StringConcatHelper.stringOf(StringConcatHelper.java:453) ~[na:na]
	at com.zara.zaraservice.entity.UserEntity.toString(UserEntity.java:10) ~[classes/:na]
	at java.base/java.lang.StringConcatHelper.stringOf(StringConcatHelper.java:453) ~[na:na]
	at com.zara.zaraservice.entity.ClientEntity.toString(ClientEntity.java:11) ~[classes/:na]
	at java.base/java.lang.StringConcatHelper.stringOf(StringConcatHelper.java:453) ~[na:na]
	at com.zara.zaraservice.entity.UserEntity.toString(UserEntity.java:10) ~[classes/:na]
	at java.base/java.lang.StringConcatHelper.stringOf(StringConcatHelper.java:453) ~[na:na]
	at com.zara.zaraservice.entity.ClientEntity.toString(ClientEntity.java:11) ~[classes/:na]
	at java.base/java.lang.StringConcatHelper.stringOf(StringConcatHelper.java:453) ~[na:na]
	at com.zara.zaraservice.entity.UserEntity.toString(UserEntity.java:10) ~[classes/:na]
	at java.base/java.lang.StringConcatHelper.stringOf(StringConcatHelper.java:453) ~[na:na]
	at com.zara.zaraservice.entity.ClientEntity.toString(ClientEntity.java:11) ~[classes/:na]
	at java.base/java.lang.StringConcatHelper.stringOf(StringConcatHelper.java:453) ~[na:na]
	at com.zara.zaraservice.entity.UserEntity.toString(UserEntity.java:10) ~[classes/:na]
	at java.base/java.lang.StringConcatHelper.stringOf(StringConcatHelper.java:453) ~[na:na]
	at com.zara.zaraservice.entity.ClientEntity.toString(ClientEntity.java:11) ~[classes/:na]
	at java.base/java.lang.StringConcatHelper.stringOf(StringConcatHelper.java:453) ~[na:na]
	at com.zara.zaraservice.entity.UserEntity.toString(UserEntity.java:10) ~[classes/:na]
	at java.base/java.lang.StringConcatHelper.stringOf(StringConcatHelper.java:453) ~[na:na]
	at com.zara.zaraservice.entity.ClientEntity.toString(ClientEntity.java:11) ~[classes/:na]
	at java.base/java.lang.StringConcatHelper.stringOf(StringConcatHelper.java:453) ~[na:na]
	at com.zara.zaraservice.entity.UserEntity.toString(UserEntity.java:10) ~[classes/:na]
	at java.base/java.lang.StringConcatHelper.stringOf(StringConcatHelper.java:453) ~[na:na]
	at com.zara.zaraservice.entity.ClientEntity.toString(ClientEntity.java:11) ~[classes/:na]
	at java.base/java.lang.StringConcatHelper.stringOf(StringConcatHelper.java:453) ~[na:na]
	at com.zara.zaraservice.entity.UserEntity.toString(UserEntity.java:10) ~[classes/:na]
	at java.base/java.lang.StringConcatHelper.stringOf(StringConcatHelper.java:453) ~[na:na]
	at com.zara.zaraservice.entity.ClientEntity.toString(ClientEntity.java:11) ~[classes/:na]
	at java.base/java.lang.StringConcatHelper.stringOf(StringConcatHelper.java:453) ~[na:na]
	at com.zara.zaraservice.entity.UserEntity.toString(UserEntity.java:10) ~[classes/:na]
	at java.base/java.lang.StringConcatHelper.stringOf(StringConcatHelper.java:453) ~[na:na]
	at com.zara.zaraservice.entity.ClientEntity.toString(ClientEntity.java:11) ~[classes/:na]
	at java.base/java.lang.StringConcatHelper.stringOf(StringConcatHelper.java:453) ~[na:na]
	at com.zara.zaraservice.entity.UserEntity.toString(UserEntity.java:10) ~[classes/:na]
	at java.base/java.lang.StringConcatHelper.stringOf(StringConcatHelper.java:453) ~[na:na]
	at com.zara.zaraservice.entity.ClientEntity.toString(ClientEntity.java:11) ~[classes/:na]
	at java.base/java.lang.StringConcatHelper.stringOf(StringConcatHelper.java:453) ~[na:na]
	at com.zara.zaraservice.entity.UserEntity.toString(UserEntity.java:10) ~[classes/:na]
	at java.base/java.lang.StringConcatHelper.stringOf(StringConcatHelper.java:453) ~[na:na]
	at com.zara.zaraservice.entity.ClientEntity.toString(ClientEntity.java:11) ~[classes/:na]
	at java.base/java.lang.StringConcatHelper.stringOf(StringConcatHelper.java:453) ~[na:na]
	at com.zara.zaraservice.entity.UserEntity.toString(UserEntity.java:10) ~[classes/:na]
	at java.base/java.lang.StringConcatHelper.stringOf(StringConcatHelper.java:453) ~[na:na]
	at com.zara.zaraservice.entity.ClientEntity.toString(ClientEntity.java:11) ~[classes/:na]
	at java.base/java.lang.StringConcatHelper.stringOf(StringConcatHelper.java:453) ~[na:na]
	at com.zara.zaraservice.entity.UserEntity.toString(UserEntity.java:10) ~[classes/:na]
	at java.base/java.lang.StringConcatHelper.stringOf(StringConcatHelper.java:453) ~[na:na]
	at com.zara.zaraservice.entity.ClientEntity.toString(ClientEntity.java:11) ~[classes/:na]
	at java.base/java.lang.StringConcatHelper.stringOf(StringConcatHelper.java:453) ~[na:na]
	at com.zara.zaraservice.entity.UserEntity.toString(UserEntity.java:10) ~[classes/:na]
	at java.base/java.lang.StringConcatHelper.stringOf(StringConcatHelper.java:453) ~[na:na]
	at com.zara.zaraservice.entity.ClientEntity.toString(ClientEntity.java:11) ~[classes/:na]
	at java.base/java.lang.StringConcatHelper.stringOf(StringConcatHelper.java:453) ~[na:na]
	at com.zara.zaraservice.entity.UserEntity.toString(UserEntity.java:10) ~[classes/:na]
	at java.base/java.lang.StringConcatHelper.stringOf(StringConcatHelper.java:453) ~[na:na]
	at com.zara.zaraservice.entity.ClientEntity.toString(ClientEntity.java:11) ~[classes/:na]
	at java.base/java.lang.StringConcatHelper.stringOf(StringConcatHelper.java:453) ~[na:na]
	at com.zara.zaraservice.entity.UserEntity.toString(UserEntity.java:10) ~[classes/:na]
	at java.base/java.lang.StringConcatHelper.stringOf(StringConcatHelper.java:453) ~[na:na]
	at com.zara.zaraservice.entity.ClientEntity.toString(ClientEntity.java:11) ~[classes/:na]
	at java.base/java.lang.StringConcatHelper.stringOf(StringConcatHelper.java:453) ~[na:na]
	at com.zara.zaraservice.entity.UserEntity.toString(UserEntity.java:10) ~[classes/:na]
	at java.base/java.lang.StringConcatHelper.stringOf(StringConcatHelper.java:453) ~[na:na]
	at com.zara.zaraservice.entity.ClientEntity.toString(ClientEntity.java:11) ~[classes/:na]
	at java.base/java.lang.StringConcatHelper.stringOf(StringConcatHelper.java:453) ~[na:na]
	at com.zara.zaraservice.entity.UserEntity.toString(UserEntity.java:10) ~[classes/:na]
	at java.base/java.lang.StringConcatHelper.stringOf(StringConcatHelper.java:453) ~[na:na]
	at com.zara.zaraservice.entity.ClientEntity.toString(ClientEntity.java:11) ~[classes/:na]
	at java.base/java.lang.StringConcatHelper.stringOf(StringConcatHelper.java:453) ~[na:na]
	at com.zara.zaraservice.entity.UserEntity.toString(UserEntity.java:10) ~[classes/:na]
	at java.base/java.lang.StringConcatHelper.stringOf(StringConcatHelper.java:453) ~[na:na]
	at com.zara.zaraservice.entity.ClientEntity.toString(ClientEntity.java:11) ~[classes/:na]
	at java.base/java.lang.StringConcatHelper.stringOf(StringConcatHelper.java:453) ~[na:na]
	at com.zara.zaraservice.entity.UserEntity.toString(UserEntity.java:10) ~[classes/:na]
	at java.base/java.lang.StringConcatHelper.stringOf(StringConcatHelper.java:453) ~[na:na]
	at com.zara.zaraservice.entity.ClientEntity.toString(ClientEntity.java:11) ~[classes/:na]
	at java.base/java.lang.StringConcatHelper.stringOf(StringConcatHelper.java:453) ~[na:na]
	at com.zara.zaraservice.entity.UserEntity.toString(UserEntity.java:10) ~[classes/:na]
	at java.base/java.lang.StringConcatHelper.stringOf(StringConcatHelper.java:453) ~[na:na]
	at com.zara.zaraservice.entity.ClientEntity.toString(ClientEntity.java:11) ~[classes/:na]
	at java.base/java.lang.StringConcatHelper.stringOf(StringConcatHelper.java:453) ~[na:na]
	at com.zara.zaraservice.entity.UserEntity.toString(UserEntity.java:10) ~[classes/:na]
	at java.base/java.lang.StringConcatHelper.stringOf(StringConcatHelper.java:453) ~[na:na]
	at com.zara.zaraservice.entity.ClientEntity.toString(ClientEntity.java:11) ~[classes/:na]
	at java.base/java.lang.StringConcatHelper.stringOf(StringConcatHelper.java:453) ~[na:na]
	at com.zara.zaraservice.entity.UserEntity.toString(UserEntity.java:10) ~[classes/:na]
	at java.base/java.lang.StringConcatHelper.stringOf(StringConcatHelper.java:453) ~[na:na]
	at com.zara.zaraservice.entity.ClientEntity.toString(ClientEntity.java:11) ~[classes/:na]
	at java.base/java.lang.StringConcatHelper.stringOf(StringConcatHelper.java:453) ~[na:na]
	at com.zara.zaraservice.entity.UserEntity.toString(UserEntity.java:10) ~[classes/:na]
	at java.base/java.lang.StringConcatHelper.stringOf(StringConcatHelper.java:453) ~[na:na]
	at com.zara.zaraservice.entity.ClientEntity.toString(ClientEntity.java:11) ~[classes/:na]
	at java.base/java.lang.StringConcatHelper.stringOf(StringConcatHelper.java:453) ~[na:na]
	at com.zara.zaraservice.entity.UserEntity.toString(UserEntity.java:10) ~[classes/:na]
	at java.base/java.lang.StringConcatHelper.stringOf(StringConcatHelper.java:453) ~[na:na]
	at com.zara.zaraservice.entity.ClientEntity.toString(ClientEntity.java:11) ~[classes/:na]
	at java.base/java.lang.StringConcatHelper.stringOf(StringConcatHelper.java:453) ~[na:na]
	at com.zara.zaraservice.entity.UserEntity.toString(UserEntity.java:10) ~[classes/:na]
	at java.base/java.lang.StringConcatHelper.stringOf(StringConcatHelper.java:453) ~[na:na]
	at com.zara.zaraservice.entity.ClientEntity.toString(ClientEntity.java:11) ~[classes/:na]
	at java.base/java.lang.StringConcatHelper.stringOf(StringConcatHelper.java:453) ~[na:na]
	at com.zara.zaraservice.entity.UserEntity.toString(UserEntity.java:10) ~[classes/:na]
	at java.base/java.lang.StringConcatHelper.stringOf(StringConcatHelper.java:453) ~[na:na]
	at com.zara.zaraservice.entity.ClientEntity.toString(ClientEntity.java:11) ~[classes/:na]
	at java.base/java.lang.StringConcatHelper.stringOf(StringConcatHelper.java:453) ~[na:na]
	at com.zara.zaraservice.entity.UserEntity.toString(UserEntity.java:10) ~[classes/:na]
	at java.base/java.lang.StringConcatHelper.stringOf(StringConcatHelper.java:453) ~[na:na]
	at com.zara.zaraservice.entity.ClientEntity.toString(ClientEntity.java:11) ~[classes/:na]
	at java.base/java.lang.StringConcatHelper.stringOf(StringConcatHelper.java:453) ~[na:na]
	at com.zara.zaraservice.entity.UserEntity.toString(UserEntity.java:10) ~[classes/:na]
	at java.base/java.lang.StringConcatHelper.stringOf(StringConcatHelper.java:453) ~[na:na]
	at com.zara.zaraservice.entity.ClientEntity.toString(ClientEntity.java:11) ~[classes/:na]
	at java.base/java.lang.StringConcatHelper.stringOf(StringConcatHelper.java:453) ~[na:na]
	at com.zara.zaraservice.entity.UserEntity.toString(UserEntity.java:10) ~[classes/:na]
	at java.base/java.lang.StringConcatHelper.stringOf(StringConcatHelper.java:453) ~[na:na]
	at com.zara.zaraservice.entity.ClientEntity.toString(ClientEntity.java:11) ~[classes/:na]
	at java.base/java.lang.StringConcatHelper.stringOf(StringConcatHelper.java:453) ~[na:na]
	at com.zara.zaraservice.entity.UserEntity.toString(UserEntity.java:10) ~[classes/:na]
	at java.base/java.lang.StringConcatHelper.stringOf(StringConcatHelper.java:453) ~[na:na]
	at com.zara.zaraservice.entity.ClientEntity.toString(ClientEntity.java:11) ~[classes/:na]
	at java.base/java.lang.StringConcatHelper.stringOf(StringConcatHelper.java:453) ~[na:na]
	at com.zara.zaraservice.entity.UserEntity.toString(UserEntity.java:10) ~[classes/:na]
	at java.base/java.lang.StringConcatHelper.stringOf(StringConcatHelper.java:453) ~[na:na]
	at com.zara.zaraservice.entity.ClientEntity.toString(ClientEntity.java:11) ~[classes/:na]
	at java.base/java.lang.StringConcatHelper.stringOf(StringConcatHelper.java:453) ~[na:na]
	at com.zara.zaraservice.entity.UserEntity.toString(UserEntity.java:10) ~[classes/:na]
	at java.base/java.lang.StringConcatHelper.stringOf(StringConcatHelper.java:453) ~[na:na]
	at com.zara.zaraservice.entity.ClientEntity.toString(ClientEntity.java:11) ~[classes/:na]
	at java.base/java.lang.StringConcatHelper.stringOf(StringConcatHelper.java:453) ~[na:na]
	at com.zara.zaraservice.entity.UserEntity.toString(UserEntity.java:10) ~[classes/:na]
	at java.base/java.lang.StringConcatHelper.stringOf(StringConcatHelper.java:453) ~[na:na]
	at com.zara.zaraservice.entity.ClientEntity.toString(ClientEntity.java:11) ~[classes/:na]
	at java.base/java.lang.StringConcatHelper.stringOf(StringConcatHelper.java:453) ~[na:na]
	at com.zara.zaraservice.entity.UserEntity.toString(UserEntity.java:10) ~[classes/:na]
	at java.base/java.lang.StringConcatHelper.stringOf(StringConcatHelper.java:453) ~[na:na]
	at com.zara.zaraservice.entity.ClientEntity.toString(ClientEntity.java:11) ~[classes/:na]
	at java.base/java.lang.StringConcatHelper.stringOf(StringConcatHelper.java:453) ~[na:na]
	at com.zara.zaraservice.entity.UserEntity.toString(UserEntity.java:10) ~[classes/:na]
	at java.base/java.lang.StringConcatHelper.stringOf(StringConcatHelper.java:453) ~[na:na]
	at com.zara.zaraservice.entity.ClientEntity.toString(ClientEntity.java:11) ~[classes/:na]
	at java.base/java.lang.StringConcatHelper.stringOf(StringConcatHelper.java:453) ~[na:na]
	at com.zara.zaraservice.entity.UserEntity.toString(UserEntity.java:10) ~[classes/:na]
	at java.base/java.lang.StringConcatHelper.stringOf(StringConcatHelper.java:453) ~[na:na]
	at com.zara.zaraservice.entity.ClientEntity.toString(ClientEntity.java:11) ~[classes/:na]
	at java.base/java.lang.StringConcatHelper.stringOf(StringConcatHelper.java:453) ~[na:na]
	at com.zara.zaraservice.entity.UserEntity.toString(UserEntity.java:10) ~[classes/:na]
	at java.base/java.lang.StringConcatHelper.stringOf(StringConcatHelper.java:453) ~[na:na]
	at com.zara.zaraservice.entity.ClientEntity.toString(ClientEntity.java:11) ~[classes/:na]
	at java.base/java.lang.StringConcatHelper.stringOf(StringConcatHelper.java:453) ~[na:na]
	at com.zara.zaraservice.entity.UserEntity.toString(UserEntity.java:10) ~[classes/:na]
	at java.base/java.lang.StringConcatHelper.stringOf(StringConcatHelper.java:453) ~[na:na]
	at com.zara.zaraservice.entity.ClientEntity.toString(ClientEntity.java:11) ~[classes/:na]
	at java.base/java.lang.StringConcatHelper.stringOf(StringConcatHelper.java:453) ~[na:na]
	at com.zara.zaraservice.entity.UserEntity.toString(UserEntity.java:10) ~[classes/:na]
	at java.base/java.lang.StringConcatHelper.stringOf(StringConcatHelper.java:453) ~[na:na]
	at com.zara.zaraservice.entity.ClientEntity.toString(ClientEntity.java:11) ~[classes/:na]
	at java.base/java.lang.StringConcatHelper.stringOf(StringConcatHelper.java:453) ~[na:na]
	at com.zara.zaraservice.entity.UserEntity.toString(UserEntity.java:10) ~[classes/:na]
	at java.base/java.lang.StringConcatHelper.stringOf(StringConcatHelper.java:453) ~[na:na]
	at com.zara.zaraservice.entity.ClientEntity.toString(ClientEntity.java:11) ~[classes/:na]
	at java.base/java.lang.StringConcatHelper.stringOf(StringConcatHelper.java:453) ~[na:na]
	at com.zara.zaraservice.entity.UserEntity.toString(UserEntity.java:10) ~[classes/:na]
	at java.base/java.lang.StringConcatHelper.stringOf(StringConcatHelper.java:453) ~[na:na]
	at com.zara.zaraservice.entity.ClientEntity.toString(ClientEntity.java:11) ~[classes/:na]
	at java.base/java.lang.StringConcatHelper.stringOf(StringConcatHelper.java:453) ~[na:na]
	at com.zara.zaraservice.entity.UserEntity.toString(UserEntity.java:10) ~[classes/:na]
	at java.base/java.lang.StringConcatHelper.stringOf(StringConcatHelper.java:453) ~[na:na]
	at com.zara.zaraservice.entity.ClientEntity.toString(ClientEntity.java:11) ~[classes/:na]
	at java.base/java.lang.StringConcatHelper.stringOf(StringConcatHelper.java:453) ~[na:na]
	at com.zara.zaraservice.entity.UserEntity.toString(UserEntity.java:10) ~[classes/:na]
	at java.base/java.lang.StringConcatHelper.stringOf(StringConcatHelper.java:453) ~[na:na]
	at com.zara.zaraservice.entity.ClientEntity.toString(ClientEntity.java:11) ~[classes/:na]
	at java.base/java.lang.StringConcatHelper.stringOf(StringConcatHelper.java:453) ~[na:na]
	at com.zara.zaraservice.entity.UserEntity.toString(UserEntity.java:10) ~[classes/:na]
	at java.base/java.lang.StringConcatHelper.stringOf(StringConcatHelper.java:453) ~[na:na]
	at com.zara.zaraservice.entity.ClientEntity.toString(ClientEntity.java:11) ~[classes/:na]
	at java.base/java.lang.StringConcatHelper.stringOf(StringConcatHelper.java:453) ~[na:na]
	at com.zara.zaraservice.entity.UserEntity.toString(UserEntity.java:10) ~[classes/:na]
	at java.base/java.lang.StringConcatHelper.stringOf(StringConcatHelper.java:453) ~[na:na]
	at com.zara.zaraservice.entity.ClientEntity.toString(ClientEntity.java:11) ~[classes/:na]
	at java.base/java.lang.StringConcatHelper.stringOf(StringConcatHelper.java:453) ~[na:na]
	at com.zara.zaraservice.entity.UserEntity.toString(UserEntity.java:10) ~[classes/:na]
	at java.base/java.lang.StringConcatHelper.stringOf(StringConcatHelper.java:453) ~[na:na]
	at com.zara.zaraservice.entity.ClientEntity.toString(ClientEntity.java:11) ~[classes/:na]
	at java.base/java.lang.StringConcatHelper.stringOf(StringConcatHelper.java:453) ~[na:na]
	at com.zara.zaraservice.entity.UserEntity.toString(UserEntity.java:10) ~[classes/:na]
	at java.base/java.lang.StringConcatHelper.stringOf(StringConcatHelper.java:453) ~[na:na]
	at com.zara.zaraservice.entity.ClientEntity.toString(ClientEntity.java:11) ~[classes/:na]
	at java.base/java.lang.StringConcatHelper.stringOf(StringConcatHelper.java:453) ~[na:na]
	at com.zara.zaraservice.entity.UserEntity.toString(UserEntity.java:10) ~[classes/:na]
	at java.base/java.lang.StringConcatHelper.stringOf(StringConcatHelper.java:453) ~[na:na]
	at com.zara.zaraservice.entity.ClientEntity.toString(ClientEntity.java:11) ~[classes/:na]
	at java.base/java.lang.StringConcatHelper.stringOf(StringConcatHelper.java:453) ~[na:na]
	at com.zara.zaraservice.entity.UserEntity.toString(UserEntity.java:10) ~[classes/:na]
	at java.base/java.lang.StringConcatHelper.stringOf(StringConcatHelper.java:453) ~[na:na]
	at com.zara.zaraservice.entity.ClientEntity.toString(ClientEntity.java:11) ~[classes/:na]
	at java.base/java.lang.StringConcatHelper.stringOf(StringConcatHelper.java:453) ~[na:na]
	at com.zara.zaraservice.entity.UserEntity.toString(UserEntity.java:10) ~[classes/:na]
	at java.base/java.lang.StringConcatHelper.stringOf(StringConcatHelper.java:453) ~[na:na]
	at com.zara.zaraservice.entity.ClientEntity.toString(ClientEntity.java:11) ~[classes/:na]
	at java.base/java.lang.StringConcatHelper.stringOf(StringConcatHelper.java:453) ~[na:na]
	at com.zara.zaraservice.entity.UserEntity.toString(UserEntity.java:10) ~[classes/:na]
	at java.base/java.lang.StringConcatHelper.stringOf(StringConcatHelper.java:453) ~[na:na]
	at com.zara.zaraservice.entity.ClientEntity.toString(ClientEntity.java:11) ~[classes/:na]
	at java.base/java.lang.StringConcatHelper.stringOf(StringConcatHelper.java:453) ~[na:na]
	at com.zara.zaraservice.entity.UserEntity.toString(UserEntity.java:10) ~[classes/:na]
	at java.base/java.lang.StringConcatHelper.stringOf(StringConcatHelper.java:453) ~[na:na]
	at com.zara.zaraservice.entity.ClientEntity.toString(ClientEntity.java:11) ~[classes/:na]
	at java.base/java.lang.StringConcatHelper.stringOf(StringConcatHelper.java:453) ~[na:na]
	at com.zara.zaraservice.entity.UserEntity.toString(UserEntity.java:10) ~[classes/:na]
	at java.base/java.lang.StringConcatHelper.stringOf(StringConcatHelper.java:453) ~[na:na]
	at com.zara.zaraservice.entity.ClientEntity.toString(ClientEntity.java:11) ~[classes/:na]
	at java.base/java.lang.StringConcatHelper.stringOf(StringConcatHelper.java:453) ~[na:na]
	at com.zara.zaraservice.entity.UserEntity.toString(UserEntity.java:10) ~[classes/:na]
	at java.base/java.lang.StringConcatHelper.stringOf(StringConcatHelper.java:453) ~[na:na]
	at com.zara.zaraservice.entity.ClientEntity.toString(ClientEntity.java:11) ~[classes/:na]
	at java.base/java.lang.StringConcatHelper.stringOf(StringConcatHelper.java:453) ~[na:na]
	at com.zara.zaraservice.entity.UserEntity.toString(UserEntity.java:10) ~[classes/:na]
	at java.base/java.lang.StringConcatHelper.stringOf(StringConcatHelper.java:453) ~[na:na]
	at com.zara.zaraservice.entity.ClientEntity.toString(ClientEntity.java:11) ~[classes/:na]
	at java.base/java.lang.StringConcatHelper.stringOf(StringConcatHelper.java:453) ~[na:na]
	at com.zara.zaraservice.entity.UserEntity.toString(UserEntity.java:10) ~[classes/:na]
	at java.base/java.lang.StringConcatHelper.stringOf(StringConcatHelper.java:453) ~[na:na]
	at com.zara.zaraservice.entity.ClientEntity.toString(ClientEntity.java:11) ~[classes/:na]
	at java.base/java.lang.StringConcatHelper.stringOf(StringConcatHelper.java:453) ~[na:na]
	at com.zara.zaraservice.entity.UserEntity.toString(UserEntity.java:10) ~[classes/:na]
	at java.base/java.lang.StringConcatHelper.stringOf(StringConcatHelper.java:453) ~[na:na]
	at com.zara.zaraservice.entity.ClientEntity.toString(ClientEntity.java:11) ~[classes/:na]
	at java.base/java.lang.StringConcatHelper.stringOf(StringConcatHelper.java:453) ~[na:na]
	at com.zara.zaraservice.entity.UserEntity.toString(UserEntity.java:10) ~[classes/:na]
	at java.base/java.lang.StringConcatHelper.stringOf(StringConcatHelper.java:453) ~[na:na]
	at com.zara.zaraservice.entity.ClientEntity.toString(ClientEntity.java:11) ~[classes/:na]
	at java.base/java.lang.StringConcatHelper.stringOf(StringConcatHelper.java:453) ~[na:na]
	at com.zara.zaraservice.entity.UserEntity.toString(UserEntity.java:10) ~[classes/:na]
	at java.base/java.lang.StringConcatHelper.stringOf(StringConcatHelper.java:453) ~[na:na]
	at com.zara.zaraservice.entity.ClientEntity.toString(ClientEntity.java:11) ~[classes/:na]
	at java.base/java.lang.StringConcatHelper.stringOf(StringConcatHelper.java:453) ~[na:na]
	at com.zara.zaraservice.entity.UserEntity.toString(UserEntity.java:10) ~[classes/:na]
	at java.base/java.lang.StringConcatHelper.stringOf(StringConcatHelper.java:453) ~[na:na]
	at com.zara.zaraservice.entity.ClientEntity.toString(ClientEntity.java:11) ~[classes/:na]
	at java.base/java.lang.StringConcatHelper.stringOf(StringConcatHelper.java:453) ~[na:na]
	at com.zara.zaraservice.entity.UserEntity.toString(UserEntity.java:10) ~[classes/:na]
	at java.base/java.lang.StringConcatHelper.stringOf(StringConcatHelper.java:453) ~[na:na]
	at com.zara.zaraservice.entity.ClientEntity.toString(ClientEntity.java:11) ~[classes/:na]
	at java.base/java.lang.StringConcatHelper.stringOf(StringConcatHelper.java:453) ~[na:na]
	at com.zara.zaraservice.entity.UserEntity.toString(UserEntity.java:10) ~[classes/:na]
	at java.base/java.lang.StringConcatHelper.stringOf(StringConcatHelper.java:453) ~[na:na]
	at com.zara.zaraservice.entity.ClientEntity.toString(ClientEntity.java:11) ~[classes/:na]
	at java.base/java.lang.StringConcatHelper.stringOf(StringConcatHelper.java:453) ~[na:na]
	at com.zara.zaraservice.entity.UserEntity.toString(UserEntity.java:10) ~[classes/:na]
	at java.base/java.lang.StringConcatHelper.stringOf(StringConcatHelper.java:453) ~[na:na]
	at com.zara.zaraservice.entity.ClientEntity.toString(ClientEntity.java:11) ~[classes/:na]
	at java.base/java.lang.StringConcatHelper.stringOf(StringConcatHelper.java:453) ~[na:na]
	at com.zara.zaraservice.entity.UserEntity.toString(UserEntity.java:10) ~[classes/:na]
	at java.base/java.lang.StringConcatHelper.stringOf(StringConcatHelper.java:453) ~[na:na]
	at com.zara.zaraservice.entity.ClientEntity.toString(ClientEntity.java:11) ~[classes/:na]
	at java.base/java.lang.StringConcatHelper.stringOf(StringConcatHelper.java:453) ~[na:na]
	at com.zara.zaraservice.entity.UserEntity.toString(UserEntity.java:10) ~[classes/:na]
	at java.base/java.lang.StringConcatHelper.stringOf(StringConcatHelper.java:453) ~[na:na]
	at com.zara.zaraservice.entity.ClientEntity.toString(ClientEntity.java:11) ~[classes/:na]
	at java.base/java.lang.StringConcatHelper.stringOf(StringConcatHelper.java:453) ~[na:na]
	at com.zara.zaraservice.entity.UserEntity.toString(UserEntity.java:10) ~[classes/:na]
	at java.base/java.lang.StringConcatHelper.stringOf(StringConcatHelper.java:453) ~[na:na]
	at com.zara.zaraservice.entity.ClientEntity.toString(ClientEntity.java:11) ~[classes/:na]
	at java.base/java.lang.StringConcatHelper.stringOf(StringConcatHelper.java:453) ~[na:na]
	at com.zara.zaraservice.entity.UserEntity.toString(UserEntity.java:10) ~[classes/:na]
	at java.base/java.lang.StringConcatHelper.stringOf(StringConcatHelper.java:453) ~[na:na]
	at com.zara.zaraservice.entity.ClientEntity.toString(ClientEntity.java:11) ~[classes/:na]
	at java.base/java.lang.StringConcatHelper.stringOf(StringConcatHelper.java:453) ~[na:na]
	at com.zara.zaraservice.entity.UserEntity.toString(UserEntity.java:10) ~[classes/:na]
	at java.base/java.lang.StringConcatHelper.stringOf(StringConcatHelper.java:453) ~[na:na]
	at com.zara.zaraservice.entity.ClientEntity.toString(ClientEntity.java:11) ~[classes/:na]
	at java.base/java.lang.StringConcatHelper.stringOf(StringConcatHelper.java:453) ~[na:na]
	at com.zara.zaraservice.entity.UserEntity.toString(UserEntity.java:10) ~[classes/:na]
	at java.base/java.lang.StringConcatHelper.stringOf(StringConcatHelper.java:453) ~[na:na]
	at com.zara.zaraservice.entity.ClientEntity.toString(ClientEntity.java:11) ~[classes/:na]
	at java.base/java.lang.StringConcatHelper.stringOf(StringConcatHelper.java:453) ~[na:na]
	at com.zara.zaraservice.entity.UserEntity.toString(UserEntity.java:10) ~[classes/:na]
	at java.base/java.lang.StringConcatHelper.stringOf(StringConcatHelper.java:453) ~[na:na]
	at com.zara.zaraservice.entity.ClientEntity.toString(ClientEntity.java:11) ~[classes/:na]
	at java.base/java.lang.StringConcatHelper.stringOf(StringConcatHelper.java:453) ~[na:na]
	at com.zara.zaraservice.entity.UserEntity.toString(UserEntity.java:10) ~[classes/:na]
	at java.base/java.lang.StringConcatHelper.stringOf(StringConcatHelper.java:453) ~[na:na]
	at com.zara.zaraservice.entity.ClientEntity.toString(ClientEntity.java:11) ~[classes/:na]
	at java.base/java.lang.StringConcatHelper.stringOf(StringConcatHelper.java:453) ~[na:na]
	at com.zara.zaraservice.entity.UserEntity.toString(UserEntity.java:10) ~[classes/:na]
	at java.base/java.lang.StringConcatHelper.stringOf(StringConcatHelper.java:453) ~[na:na]
	at com.zara.zaraservice.entity.ClientEntity.toString(ClientEntity.java:11) ~[classes/:na]
	at java.base/java.lang.StringConcatHelper.stringOf(StringConcatHelper.java:453) ~[na:na]
	at com.zara.zaraservice.entity.UserEntity.toString(UserEntity.java:10) ~[classes/:na]
	at java.base/java.lang.StringConcatHelper.stringOf(StringConcatHelper.java:453) ~[na:na]
	at com.zara.zaraservice.entity.ClientEntity.toString(ClientEntity.java:11) ~[classes/:na]
	at java.base/java.lang.StringConcatHelper.stringOf(StringConcatHelper.java:453) ~[na:na]
	at com.zara.zaraservice.entity.UserEntity.toString(UserEntity.java:10) ~[classes/:na]
	at java.base/java.lang.StringConcatHelper.stringOf(StringConcatHelper.java:453) ~[na:na]
	at com.zara.zaraservice.entity.ClientEntity.toString(ClientEntity.java:11) ~[classes/:na]
	at java.base/java.lang.StringConcatHelper.stringOf(StringConcatHelper.java:453) ~[na:na]
	at com.zara.zaraservice.entity.UserEntity.toString(UserEntity.java:10) ~[classes/:na]
	at java.base/java.lang.StringConcatHelper.stringOf(StringConcatHelper.java:453) ~[na:na]
	at com.zara.zaraservice.entity.ClientEntity.toString(ClientEntity.java:11) ~[classes/:na]
	at java.base/java.lang.StringConcatHelper.stringOf(StringConcatHelper.java:453) ~[na:na]
	at com.zara.zaraservice.entity.UserEntity.toString(UserEntity.java:10) ~[classes/:na]
	at java.base/java.lang.StringConcatHelper.stringOf(StringConcatHelper.java:453) ~[na:na]
	at com.zara.zaraservice.entity.ClientEntity.toString(ClientEntity.java:11) ~[classes/:na]
	at java.base/java.lang.StringConcatHelper.stringOf(StringConcatHelper.java:453) ~[na:na]
	at com.zara.zaraservice.entity.UserEntity.toString(UserEntity.java:10) ~[classes/:na]
	at java.base/java.lang.StringConcatHelper.stringOf(StringConcatHelper.java:453) ~[na:na]
	at com.zara.zaraservice.entity.ClientEntity.toString(ClientEntity.java:11) ~[classes/:na]
	at java.base/java.lang.StringConcatHelper.stringOf(StringConcatHelper.java:453) ~[na:na]
	at com.zara.zaraservice.entity.UserEntity.toString(UserEntity.java:10) ~[classes/:na]
	at java.base/java.lang.StringConcatHelper.stringOf(StringConcatHelper.java:453) ~[na:na]
	at com.zara.zaraservice.entity.ClientEntity.toString(ClientEntity.java:11) ~[classes/:na]
	at java.base/java.lang.StringConcatHelper.stringOf(StringConcatHelper.java:453) ~[na:na]
	at com.zara.zaraservice.entity.UserEntity.toString(UserEntity.java:10) ~[classes/:na]
	at java.base/java.lang.StringConcatHelper.stringOf(StringConcatHelper.java:453) ~[na:na]
	at com.zara.zaraservice.entity.ClientEntity.toString(ClientEntity.java:11) ~[classes/:na]
	at java.base/java.lang.StringConcatHelper.stringOf(StringConcatHelper.java:453) ~[na:na]
	at com.zara.zaraservice.entity.UserEntity.toString(UserEntity.java:10) ~[classes/:na]
	at java.base/java.lang.StringConcatHelper.stringOf(StringConcatHelper.java:453) ~[na:na]
	at com.zara.zaraservice.entity.ClientEntity.toString(ClientEntity.java:11) ~[classes/:na]
	at java.base/java.lang.StringConcatHelper.stringOf(StringConcatHelper.java:453) ~[na:na]
	at com.zara.zaraservice.entity.UserEntity.toString(UserEntity.java:10) ~[classes/:na]
	at java.base/java.lang.StringConcatHelper.stringOf(StringConcatHelper.java:453) ~[na:na]
	at com.zara.zaraservice.entity.ClientEntity.toString(ClientEntity.java:11) ~[classes/:na]
	at java.base/java.lang.StringConcatHelper.stringOf(StringConcatHelper.java:453) ~[na:na]
	at com.zara.zaraservice.entity.UserEntity.toString(UserEntity.java:10) ~[classes/:na]
	at java.base/java.lang.StringConcatHelper.stringOf(StringConcatHelper.java:453) ~[na:na]
	at com.zara.zaraservice.entity.ClientEntity.toString(ClientEntity.java:11) ~[classes/:na]
	at java.base/java.lang.StringConcatHelper.stringOf(StringConcatHelper.java:453) ~[na:na]
	at com.zara.zaraservice.entity.UserEntity.toString(UserEntity.java:10) ~[classes/:na]
	at java.base/java.lang.StringConcatHelper.stringOf(StringConcatHelper.java:453) ~[na:na]
	at com.zara.zaraservice.entity.ClientEntity.toString(ClientEntity.java:11) ~[classes/:na]
	at java.base/java.lang.StringConcatHelper.stringOf(StringConcatHelper.java:453) ~[na:na]
	at com.zara.zaraservice.entity.UserEntity.toString(UserEntity.java:10) ~[classes/:na]
	at java.base/java.lang.StringConcatHelper.stringOf(StringConcatHelper.java:453) ~[na:na]
	at com.zara.zaraservice.entity.ClientEntity.toString(ClientEntity.java:11) ~[classes/:na]
	at java.base/java.lang.StringConcatHelper.stringOf(StringConcatHelper.java:453) ~[na:na]
	at com.zara.zaraservice.entity.UserEntity.toString(UserEntity.java:10) ~[classes/:na]
	at java.base/java.lang.StringConcatHelper.stringOf(StringConcatHelper.java:453) ~[na:na]
	at com.zara.zaraservice.entity.ClientEntity.toString(ClientEntity.java:11) ~[classes/:na]
	at java.base/java.lang.StringConcatHelper.stringOf(StringConcatHelper.java:453) ~[na:na]
	at com.zara.zaraservice.entity.UserEntity.toString(UserEntity.java:10) ~[classes/:na]
	at java.base/java.lang.StringConcatHelper.stringOf(StringConcatHelper.java:453) ~[na:na]
	at com.zara.zaraservice.entity.ClientEntity.toString(ClientEntity.java:11) ~[classes/:na]
	at java.base/java.lang.StringConcatHelper.stringOf(StringConcatHelper.java:453) ~[na:na]
	at com.zara.zaraservice.entity.UserEntity.toString(UserEntity.java:10) ~[classes/:na]
	at java.base/java.lang.StringConcatHelper.stringOf(StringConcatHelper.java:453) ~[na:na]
	at com.zara.zaraservice.entity.ClientEntity.toString(ClientEntity.java:11) ~[classes/:na]
	at java.base/java.lang.StringConcatHelper.stringOf(StringConcatHelper.java:453) ~[na:na]
	at com.zara.zaraservice.entity.UserEntity.toString(UserEntity.java:10) ~[classes/:na]
	at java.base/java.lang.StringConcatHelper.stringOf(StringConcatHelper.java:453) ~[na:na]
	at com.zara.zaraservice.entity.ClientEntity.toString(ClientEntity.java:11) ~[classes/:na]
	at java.base/java.lang.StringConcatHelper.stringOf(StringConcatHelper.java:453) ~[na:na]
	at com.zara.zaraservice.entity.UserEntity.toString(UserEntity.java:10) ~[classes/:na]
	at java.base/java.lang.StringConcatHelper.stringOf(StringConcatHelper.java:453) ~[na:na]
	at com.zara.zaraservice.entity.ClientEntity.toString(ClientEntity.java:11) ~[classes/:na]
	at java.base/java.lang.StringConcatHelper.stringOf(StringConcatHelper.java:453) ~[na:na]
	at com.zara.zaraservice.entity.UserEntity.toString(UserEntity.java:10) ~[classes/:na]
	at java.base/java.lang.StringConcatHelper.stringOf(StringConcatHelper.java:453) ~[na:na]
	at com.zara.zaraservice.entity.ClientEntity.toString(ClientEntity.java:11) ~[classes/:na]
	at java.base/java.lang.StringConcatHelper.stringOf(StringConcatHelper.java:453) ~[na:na]
	at com.zara.zaraservice.entity.UserEntity.toString(UserEntity.java:10) ~[classes/:na]
	at java.base/java.lang.StringConcatHelper.stringOf(StringConcatHelper.java:453) ~[na:na]
	at com.zara.zaraservice.entity.ClientEntity.toString(ClientEntity.java:11) ~[classes/:na]
	at java.base/java.lang.StringConcatHelper.stringOf(StringConcatHelper.java:453) ~[na:na]
	at com.zara.zaraservice.entity.UserEntity.toString(UserEntity.java:10) ~[classes/:na]
	at java.base/java.lang.StringConcatHelper.stringOf(StringConcatHelper.java:453) ~[na:na]
	at com.zara.zaraservice.entity.ClientEntity.toString(ClientEntity.java:11) ~[classes/:na]
	at java.base/java.lang.StringConcatHelper.stringOf(StringConcatHelper.java:453) ~[na:na]
	at com.zara.zaraservice.entity.UserEntity.toString(UserEntity.java:10) ~[classes/:na]
	at java.base/java.lang.StringConcatHelper.stringOf(StringConcatHelper.java:453) ~[na:na]
	at com.zara.zaraservice.entity.ClientEntity.toString(ClientEntity.java:11) ~[classes/:na]
	at java.base/java.lang.StringConcatHelper.stringOf(StringConcatHelper.java:453) ~[na:na]
	at com.zara.zaraservice.entity.UserEntity.toString(UserEntity.java:10) ~[classes/:na]
	at java.base/java.lang.StringConcatHelper.stringOf(StringConcatHelper.java:453) ~[na:na]
	at com.zara.zaraservice.entity.ClientEntity.toString(ClientEntity.java:11) ~[classes/:na]
	at java.base/java.lang.StringConcatHelper.stringOf(StringConcatHelper.java:453) ~[na:na]
	at com.zara.zaraservice.entity.UserEntity.toString(UserEntity.java:10) ~[classes/:na]
	at java.base/java.lang.StringConcatHelper.stringOf(StringConcatHelper.java:453) ~[na:na]
	at com.zara.zaraservice.entity.ClientEntity.toString(ClientEntity.java:11) ~[classes/:na]
	at java.base/java.lang.StringConcatHelper.stringOf(StringConcatHelper.java:453) ~[na:na]
	at com.zara.zaraservice.entity.UserEntity.toString(UserEntity.java:10) ~[classes/:na]
	at java.base/java.lang.StringConcatHelper.stringOf(StringConcatHelper.java:453) ~[na:na]
	at com.zara.zaraservice.entity.ClientEntity.toString(ClientEntity.java:11) ~[classes/:na]
	at java.base/java.lang.StringConcatHelper.stringOf(StringConcatHelper.java:453) ~[na:na]
	at com.zara.zaraservice.entity.UserEntity.toString(UserEntity.java:10) ~[classes/:na]
	at java.base/java.lang.StringConcatHelper.stringOf(StringConcatHelper.java:453) ~[na:na]
	at com.zara.zaraservice.entity.ClientEntity.toString(ClientEntity.java:11) ~[classes/:na]
	at java.base/java.lang.StringConcatHelper.stringOf(StringConcatHelper.java:453) ~[na:na]
	at com.zara.zaraservice.entity.UserEntity.toString(UserEntity.java:10) ~[classes/:na]
	at java.base/java.lang.StringConcatHelper.stringOf(StringConcatHelper.java:453) ~[na:na]
	at com.zara.zaraservice.entity.ClientEntity.toString(ClientEntity.java:11) ~[classes/:na]
	at java.base/java.lang.StringConcatHelper.stringOf(StringConcatHelper.java:453) ~[na:na]
	at com.zara.zaraservice.entity.UserEntity.toString(UserEntity.java:10) ~[classes/:na]
	at java.base/java.lang.StringConcatHelper.stringOf(StringConcatHelper.java:453) ~[na:na]
	at com.zara.zaraservice.entity.ClientEntity.toString(ClientEntity.java:11) ~[classes/:na]
	at java.base/java.lang.StringConcatHelper.stringOf(StringConcatHelper.java:453) ~[na:na]
	at com.zara.zaraservice.entity.UserEntity.toString(UserEntity.java:10) ~[classes/:na]
	at java.base/java.lang.StringConcatHelper.stringOf(StringConcatHelper.java:453) ~[na:na]
	at com.zara.zaraservice.entity.ClientEntity.toString(ClientEntity.java:11) ~[classes/:na]
	at java.base/java.lang.StringConcatHelper.stringOf(StringConcatHelper.java:453) ~[na:na]
	at com.zara.zaraservice.entity.UserEntity.toString(UserEntity.java:10) ~[classes/:na]
	at java.base/java.lang.StringConcatHelper.stringOf(StringConcatHelper.java:453) ~[na:na]
	at com.zara.zaraservice.entity.ClientEntity.toString(ClientEntity.java:11) ~[classes/:na]
	at java.base/java.lang.StringConcatHelper.stringOf(StringConcatHelper.java:453) ~[na:na]
	at com.zara.zaraservice.entity.UserEntity.toString(UserEntity.java:10) ~[classes/:na]
	at java.base/java.lang.StringConcatHelper.stringOf(StringConcatHelper.java:453) ~[na:na]
	at com.zara.zaraservice.entity.ClientEntity.toString(ClientEntity.java:11) ~[classes/:na]
	at java.base/java.lang.StringConcatHelper.stringOf(StringConcatHelper.java:453) ~[na:na]
	at com.zara.zaraservice.entity.UserEntity.toString(UserEntity.java:10) ~[classes/:na]
	at java.base/java.lang.StringConcatHelper.stringOf(StringConcatHelper.java:453) ~[na:na]
	at com.zara.zaraservice.entity.ClientEntity.toString(ClientEntity.java:11) ~[classes/:na]
	at java.base/java.lang.StringConcatHelper.stringOf(StringConcatHelper.java:453) ~[na:na]
	at com.zara.zaraservice.entity.UserEntity.toString(UserEntity.java:10) ~[classes/:na]
	at java.base/java.lang.StringConcatHelper.stringOf(StringConcatHelper.java:453) ~[na:na]
	at com.zara.zaraservice.entity.ClientEntity.toString(ClientEntity.java:11) ~[classes/:na]
	at java.base/java.lang.StringConcatHelper.stringOf(StringConcatHelper.java:453) ~[na:na]
	at com.zara.zaraservice.entity.UserEntity.toString(UserEntity.java:10) ~[classes/:na]
	at java.base/java.lang.StringConcatHelper.stringOf(StringConcatHelper.java:453) ~[na:na]
	at com.zara.zaraservice.entity.ClientEntity.toString(ClientEntity.java:11) ~[classes/:na]
	at java.base/java.lang.StringConcatHelper.stringOf(StringConcatHelper.java:453) ~[na:na]
	at com.zara.zaraservice.entity.UserEntity.toString(UserEntity.java:10) ~[classes/:na]
	at java.base/java.lang.StringConcatHelper.stringOf(StringConcatHelper.java:453) ~[na:na]
	at com.zara.zaraservice.entity.ClientEntity.toString(ClientEntity.java:11) ~[classes/:na]
	at java.base/java.lang.StringConcatHelper.stringOf(StringConcatHelper.java:453) ~[na:na]
	at com.zara.zaraservice.entity.UserEntity.toString(UserEntity.java:10) ~[classes/:na]
	at java.base/java.lang.StringConcatHelper.stringOf(StringConcatHelper.java:453) ~[na:na]
	at com.zara.zaraservice.entity.ClientEntity.toString(ClientEntity.java:11) ~[classes/:na]
	at java.base/java.lang.StringConcatHelper.stringOf(StringConcatHelper.java:453) ~[na:na]
	at com.zara.zaraservice.entity.UserEntity.toString(UserEntity.java:10) ~[classes/:na]
	at java.base/java.lang.StringConcatHelper.stringOf(StringConcatHelper.java:453) ~[na:na]
	at com.zara.zaraservice.entity.ClientEntity.toString(ClientEntity.java:11) ~[classes/:na]
	at java.base/java.lang.StringConcatHelper.stringOf(StringConcatHelper.java:453) ~[na:na]
	at com.zara.zaraservice.entity.UserEntity.toString(UserEntity.java:10) ~[classes/:na]
	at java.base/java.lang.StringConcatHelper.stringOf(StringConcatHelper.java:453) ~[na:na]
	at com.zara.zaraservice.entity.ClientEntity.toString(ClientEntity.java:11) ~[classes/:na]
	at java.base/java.lang.StringConcatHelper.stringOf(StringConcatHelper.java:453) ~[na:na]
	at com.zara.zaraservice.entity.UserEntity.toString(UserEntity.java:10) ~[classes/:na]
	at java.base/java.lang.StringConcatHelper.stringOf(StringConcatHelper.java:453) ~[na:na]
	at com.zara.zaraservice.entity.ClientEntity.toString(ClientEntity.java:11) ~[classes/:na]
	at java.base/java.lang.StringConcatHelper.stringOf(StringConcatHelper.java:453) ~[na:na]
	at com.zara.zaraservice.entity.UserEntity.toString(UserEntity.java:10) ~[classes/:na]
	at java.base/java.lang.StringConcatHelper.stringOf(StringConcatHelper.java:453) ~[na:na]
	at com.zara.zaraservice.entity.ClientEntity.toString(ClientEntity.java:11) ~[classes/:na]
	at java.base/java.lang.StringConcatHelper.stringOf(StringConcatHelper.java:453) ~[na:na]
	at com.zara.zaraservice.entity.UserEntity.toString(UserEntity.java:10) ~[classes/:na]
	at java.base/java.lang.StringConcatHelper.stringOf(StringConcatHelper.java:453) ~[na:na]
	at com.zara.zaraservice.entity.ClientEntity.toString(ClientEntity.java:11) ~[classes/:na]
	at java.base/java.lang.StringConcatHelper.stringOf(StringConcatHelper.java:453) ~[na:na]
	at com.zara.zaraservice.entity.UserEntity.toString(UserEntity.java:10) ~[classes/:na]
	at java.base/java.lang.StringConcatHelper.stringOf(StringConcatHelper.java:453) ~[na:na]
	at com.zara.zaraservice.entity.ClientEntity.toString(ClientEntity.java:11) ~[classes/:na]
	at java.base/java.lang.StringConcatHelper.stringOf(StringConcatHelper.java:453) ~[na:na]
	at com.zara.zaraservice.entity.UserEntity.toString(UserEntity.java:10) ~[classes/:na]
	at java.base/java.lang.StringConcatHelper.stringOf(StringConcatHelper.java:453) ~[na:na]
	at com.zara.zaraservice.entity.ClientEntity.toString(ClientEntity.java:11) ~[classes/:na]
	at java.base/java.lang.StringConcatHelper.stringOf(StringConcatHelper.java:453) ~[na:na]
	at com.zara.zaraservice.entity.UserEntity.toString(UserEntity.java:10) ~[classes/:na]
	at java.base/java.lang.StringConcatHelper.stringOf(StringConcatHelper.java:453) ~[na:na]
	at com.zara.zaraservice.entity.ClientEntity.toString(ClientEntity.java:11) ~[classes/:na]
	at java.base/java.lang.StringConcatHelper.stringOf(StringConcatHelper.java:453) ~[na:na]
	at com.zara.zaraservice.entity.UserEntity.toString(UserEntity.java:10) ~[classes/:na]
	at java.base/java.lang.StringConcatHelper.stringOf(StringConcatHelper.java:453) ~[na:na]
	at com.zara.zaraservice.entity.ClientEntity.toString(ClientEntity.java:11) ~[classes/:na]
	at java.base/java.lang.StringConcatHelper.stringOf(StringConcatHelper.java:453) ~[na:na]
	at com.zara.zaraservice.entity.UserEntity.toString(UserEntity.java:10) ~[classes/:na]
	at java.base/java.lang.StringConcatHelper.stringOf(StringConcatHelper.java:453) ~[na:na]
	at com.zara.zaraservice.entity.ClientEntity.toString(ClientEntity.java:11) ~[classes/:na]
	at java.base/java.lang.StringConcatHelper.stringOf(StringConcatHelper.java:453) ~[na:na]
	at com.zara.zaraservice.entity.UserEntity.toString(UserEntity.java:10) ~[classes/:na]
	at java.base/java.lang.StringConcatHelper.stringOf(StringConcatHelper.java:453) ~[na:na]
	at com.zara.zaraservice.entity.ClientEntity.toString(ClientEntity.java:11) ~[classes/:na]
	at java.base/java.lang.StringConcatHelper.stringOf(StringConcatHelper.java:453) ~[na:na]
	at com.zara.zaraservice.entity.UserEntity.toString(UserEntity.java:10) ~[classes/:na]
	at java.base/java.lang.StringConcatHelper.stringOf(StringConcatHelper.java:453) ~[na:na]
	at com.zara.zaraservice.entity.ClientEntity.toString(ClientEntity.java:11) ~[classes/:na]
	at java.base/java.lang.StringConcatHelper.stringOf(StringConcatHelper.java:453) ~[na:na]
	at com.zara.zaraservice.entity.UserEntity.toString(UserEntity.java:10) ~[classes/:na]
	at java.base/java.lang.StringConcatHelper.stringOf(StringConcatHelper.java:453) ~[na:na]
	at com.zara.zaraservice.entity.ClientEntity.toString(ClientEntity.java:11) ~[classes/:na]
	at java.base/java.lang.StringConcatHelper.stringOf(StringConcatHelper.java:453) ~[na:na]
	at com.zara.zaraservice.entity.UserEntity.toString(UserEntity.java:10) ~[classes/:na]
	at java.base/java.lang.StringConcatHelper.stringOf(StringConcatHelper.java:453) ~[na:na]
	at com.zara.zaraservice.entity.ClientEntity.toString(ClientEntity.java:11) ~[classes/:na]
	at java.base/java.lang.StringConcatHelper.stringOf(StringConcatHelper.java:453) ~[na:na]
	at com.zara.zaraservice.entity.UserEntity.toString(UserEntity.java:10) ~[classes/:na]
	at java.base/java.lang.StringConcatHelper.stringOf(StringConcatHelper.java:453) ~[na:na]
	at com.zara.zaraservice.entity.ClientEntity.toString(ClientEntity.java:11) ~[classes/:na]
	at java.base/java.lang.StringConcatHelper.stringOf(StringConcatHelper.java:453) ~[na:na]
	at com.zara.zaraservice.entity.UserEntity.toString(UserEntity.java:10) ~[classes/:na]
	at java.base/java.lang.StringConcatHelper.stringOf(StringConcatHelper.java:453) ~[na:na]
	at com.zara.zaraservice.entity.ClientEntity.toString(ClientEntity.java:11) ~[classes/:na]
	at java.base/java.lang.StringConcatHelper.stringOf(StringConcatHelper.java:453) ~[na:na]
	at com.zara.zaraservice.entity.UserEntity.toString(UserEntity.java:10) ~[classes/:na]
	at java.base/java.lang.StringConcatHelper.stringOf(StringConcatHelper.java:453) ~[na:na]
	at com.zara.zaraservice.entity.ClientEntity.toString(ClientEntity.java:11) ~[classes/:na]
	at java.base/java.lang.StringConcatHelper.stringOf(StringConcatHelper.java:453) ~[na:na]
	at com.zara.zaraservice.entity.UserEntity.toString(UserEntity.java:10) ~[classes/:na]
	at java.base/java.lang.StringConcatHelper.stringOf(StringConcatHelper.java:453) ~[na:na]
	at com.zara.zaraservice.entity.ClientEntity.toString(ClientEntity.java:11) ~[classes/:na]
	at java.base/java.lang.StringConcatHelper.stringOf(StringConcatHelper.java:453) ~[na:na]
	at com.zara.zaraservice.entity.UserEntity.toString(UserEntity.java:10) ~[classes/:na]
	at java.base/java.lang.StringConcatHelper.stringOf(StringConcatHelper.java:453) ~[na:na]
	at com.zara.zaraservice.entity.ClientEntity.toString(ClientEntity.java:11) ~[classes/:na]
	at java.base/java.lang.StringConcatHelper.stringOf(StringConcatHelper.java:453) ~[na:na]
	at com.zara.zaraservice.entity.UserEntity.toString(UserEntity.java:10) ~[classes/:na]
	at java.base/java.lang.StringConcatHelper.stringOf(StringConcatHelper.java:453) ~[na:na]
	at com.zara.zaraservice.entity.ClientEntity.toString(ClientEntity.java:11) ~[classes/:na]
	at java.base/java.lang.StringConcatHelper.stringOf(StringConcatHelper.java:453) ~[na:na]
	at com.zara.zaraservice.entity.UserEntity.toString(UserEntity.java:10) ~[classes/:na]
	at java.base/java.lang.StringConcatHelper.stringOf(StringConcatHelper.java:453) ~[na:na]
	at com.zara.zaraservice.entity.ClientEntity.toString(ClientEntity.java:11) ~[classes/:na]
	at java.base/java.lang.StringConcatHelper.stringOf(StringConcatHelper.java:453) ~[na:na]
	at com.zara.zaraservice.entity.UserEntity.toString(UserEntity.java:10) ~[classes/:na]
	at java.base/java.lang.StringConcatHelper.stringOf(StringConcatHelper.java:453) ~[na:na]
	at com.zara.zaraservice.entity.ClientEntity.toString(ClientEntity.java:11) ~[classes/:na]
	at java.base/java.lang.StringConcatHelper.stringOf(StringConcatHelper.java:453) ~[na:na]
	at com.zara.zaraservice.entity.UserEntity.toString(UserEntity.java:10) ~[classes/:na]
	at java.base/java.lang.StringConcatHelper.stringOf(StringConcatHelper.java:453) ~[na:na]
	at com.zara.zaraservice.entity.ClientEntity.toString(ClientEntity.java:11) ~[classes/:na]
	at java.base/java.lang.StringConcatHelper.stringOf(StringConcatHelper.java:453) ~[na:na]
	at com.zara.zaraservice.entity.UserEntity.toString(UserEntity.java:10) ~[classes/:na]
	at java.base/java.lang.StringConcatHelper.stringOf(StringConcatHelper.java:453) ~[na:na]
	at com.zara.zaraservice.entity.ClientEntity.toString(ClientEntity.java:11) ~[classes/:na]
	at java.base/java.lang.StringConcatHelper.stringOf(StringConcatHelper.java:453) ~[na:na]
	at com.zara.zaraservice.entity.UserEntity.toString(UserEntity.java:10) ~[classes/:na]
	at java.base/java.lang.StringConcatHelper.stringOf(StringConcatHelper.java:453) ~[na:na]
	at com.zara.zaraservice.entity.ClientEntity.toString(ClientEntity.java:11) ~[classes/:na]
	at java.base/java.lang.StringConcatHelper.stringOf(StringConcatHelper.java:453) ~[na:na]
	at com.zara.zaraservice.entity.UserEntity.toString(UserEntity.java:10) ~[classes/:na]
	at java.base/java.lang.StringConcatHelper.stringOf(StringConcatHelper.java:453) ~[na:na]
	at com.zara.zaraservice.entity.ClientEntity.toString(ClientEntity.java:11) ~[classes/:na]
	at java.base/java.lang.StringConcatHelper.stringOf(StringConcatHelper.java:453) ~[na:na]
	at com.zara.zaraservice.entity.UserEntity.toString(UserEntity.java:10) ~[classes/:na]
	at java.base/java.lang.StringConcatHelper.stringOf(StringConcatHelper.java:453) ~[na:na]
	at com.zara.zaraservice.entity.ClientEntity.toString(ClientEntity.java:11) ~[classes/:na]
	at java.base/java.lang.StringConcatHelper.stringOf(StringConcatHelper.java:453) ~[na:na]
	at com.zara.zaraservice.entity.UserEntity.toString(UserEntity.java:10) ~[classes/:na]
	at java.base/java.lang.StringConcatHelper.stringOf(StringConcatHelper.java:453) ~[na:na]
	at com.zara.zaraservice.entity.ClientEntity.toString(ClientEntity.java:11) ~[classes/:na]
	at java.base/java.lang.StringConcatHelper.stringOf(StringConcatHelper.java:453) ~[na:na]
	at com.zara.zaraservice.entity.UserEntity.toString(UserEntity.java:10) ~[classes/:na]
	at java.base/java.lang.StringConcatHelper.stringOf(StringConcatHelper.java:453) ~[na:na]
	at com.zara.zaraservice.entity.ClientEntity.toString(ClientEntity.java:11) ~[classes/:na]
	at java.base/java.lang.StringConcatHelper.stringOf(StringConcatHelper.java:453) ~[na:na]
	at com.zara.zaraservice.entity.UserEntity.toString(UserEntity.java:10) ~[classes/:na]
	at java.base/java.lang.StringConcatHelper.stringOf(StringConcatHelper.java:453) ~[na:na]
	at com.zara.zaraservice.entity.ClientEntity.toString(ClientEntity.java:11) ~[classes/:na]
	at java.base/java.lang.StringConcatHelper.stringOf(StringConcatHelper.java:453) ~[na:na]
	at com.zara.zaraservice.entity.UserEntity.toString(UserEntity.java:10) ~[classes/:na]
	at java.base/java.lang.StringConcatHelper.stringOf(StringConcatHelper.java:453) ~[na:na]
	at com.zara.zaraservice.entity.ClientEntity.toString(ClientEntity.java:11) ~[classes/:na]
	at java.base/java.lang.StringConcatHelper.stringOf(StringConcatHelper.java:453) ~[na:na]
	at com.zara.zaraservice.entity.UserEntity.toString(UserEntity.java:10) ~[classes/:na]
	at java.base/java.lang.StringConcatHelper.stringOf(StringConcatHelper.java:453) ~[na:na]
	at com.zara.zaraservice.entity.ClientEntity.toString(ClientEntity.java:11) ~[classes/:na]
	at java.base/java.lang.StringConcatHelper.stringOf(StringConcatHelper.java:453) ~[na:na]
	at com.zara.zaraservice.entity.UserEntity.toString(UserEntity.java:10) ~[classes/:na]
	at java.base/java.lang.StringConcatHelper.stringOf(StringConcatHelper.java:453) ~[na:na]
	at com.zara.zaraservice.entity.ClientEntity.toString(ClientEntity.java:11) ~[classes/:na]
	at java.base/java.lang.StringConcatHelper.stringOf(StringConcatHelper.java:453) ~[na:na]
	at com.zara.zaraservice.entity.UserEntity.toString(UserEntity.java:10) ~[classes/:na]
	at java.base/java.lang.StringConcatHelper.stringOf(StringConcatHelper.java:453) ~[na:na]
	at com.zara.zaraservice.entity.ClientEntity.toString(ClientEntity.java:11) ~[classes/:na]
	at java.base/java.lang.StringConcatHelper.stringOf(StringConcatHelper.java:453) ~[na:na]
	at com.zara.zaraservice.entity.UserEntity.toString(UserEntity.java:10) ~[classes/:na]
	at java.base/java.lang.StringConcatHelper.stringOf(StringConcatHelper.java:453) ~[na:na]
	at com.zara.zaraservice.entity.ClientEntity.toString(ClientEntity.java:11) ~[classes/:na]
	at java.base/java.lang.StringConcatHelper.stringOf(StringConcatHelper.java:453) ~[na:na]
	at com.zara.zaraservice.entity.UserEntity.toString(UserEntity.java:10) ~[classes/:na]
	at java.base/java.lang.StringConcatHelper.stringOf(StringConcatHelper.java:453) ~[na:na]
	at com.zara.zaraservice.entity.ClientEntity.toString(ClientEntity.java:11) ~[classes/:na]
	at java.base/java.lang.StringConcatHelper.stringOf(StringConcatHelper.java:453) ~[na:na]
	at com.zara.zaraservice.entity.UserEntity.toString(UserEntity.java:10) ~[classes/:na]
	at java.base/java.lang.StringConcatHelper.stringOf(StringConcatHelper.java:453) ~[na:na]
	at com.zara.zaraservice.entity.ClientEntity.toString(ClientEntity.java:11) ~[classes/:na]
	at java.base/java.lang.StringConcatHelper.stringOf(StringConcatHelper.java:453) ~[na:na]
	at com.zara.zaraservice.entity.UserEntity.toString(UserEntity.java:10) ~[classes/:na]
	at java.base/java.lang.StringConcatHelper.stringOf(StringConcatHelper.java:453) ~[na:na]
	at com.zara.zaraservice.entity.ClientEntity.toString(ClientEntity.java:11) ~[classes/:na]
	at java.base/java.lang.StringConcatHelper.stringOf(StringConcatHelper.java:453) ~[na:na]
	at com.zara.zaraservice.entity.UserEntity.toString(UserEntity.java:10) ~[classes/:na]
	at java.base/java.lang.StringConcatHelper.stringOf(StringConcatHelper.java:453) ~[na:na]
	at com.zara.zaraservice.entity.ClientEntity.toString(ClientEntity.java:11) ~[classes/:na]
	at java.base/java.lang.StringConcatHelper.stringOf(StringConcatHelper.java:453) ~[na:na]
	at com.zara.zaraservice.entity.UserEntity.toString(UserEntity.java:10) ~[classes/:na]
	at java.base/java.lang.StringConcatHelper.stringOf(StringConcatHelper.java:453) ~[na:na]
	at com.zara.zaraservice.entity.ClientEntity.toString(ClientEntity.java:11) ~[classes/:na]
	at java.base/java.lang.StringConcatHelper.stringOf(StringConcatHelper.java:453) ~[na:na]
	at com.zara.zaraservice.entity.UserEntity.toString(UserEntity.java:10) ~[classes/:na]
	at java.base/java.lang.StringConcatHelper.stringOf(StringConcatHelper.java:453) ~[na:na]
	at com.zara.zaraservice.entity.ClientEntity.toString(ClientEntity.java:11) ~[classes/:na]
	at java.base/java.lang.StringConcatHelper.stringOf(StringConcatHelper.java:453) ~[na:na]
	at com.zara.zaraservice.entity.UserEntity.toString(UserEntity.java:10) ~[classes/:na]
	at java.base/java.lang.StringConcatHelper.stringOf(StringConcatHelper.java:453) ~[na:na]
	at com.zara.zaraservice.entity.ClientEntity.toString(ClientEntity.java:11) ~[classes/:na]
	at java.base/java.lang.StringConcatHelper.stringOf(StringConcatHelper.java:453) ~[na:na]
	at com.zara.zaraservice.entity.UserEntity.toString(UserEntity.java:10) ~[classes/:na]
	at java.base/java.lang.StringConcatHelper.stringOf(StringConcatHelper.java:453) ~[na:na]
	at com.zara.zaraservice.entity.ClientEntity.toString(ClientEntity.java:11) ~[classes/:na]
	at java.base/java.lang.StringConcatHelper.stringOf(StringConcatHelper.java:453) ~[na:na]
	at com.zara.zaraservice.entity.UserEntity.toString(UserEntity.java:10) ~[classes/:na]
	at java.base/java.lang.StringConcatHelper.stringOf(StringConcatHelper.java:453) ~[na:na]
	at com.zara.zaraservice.entity.ClientEntity.toString(ClientEntity.java:11) ~[classes/:na]
	at java.base/java.lang.StringConcatHelper.stringOf(StringConcatHelper.java:453) ~[na:na]
	at com.zara.zaraservice.entity.UserEntity.toString(UserEntity.java:10) ~[classes/:na]
	at java.base/java.lang.StringConcatHelper.stringOf(StringConcatHelper.java:453) ~[na:na]
	at com.zara.zaraservice.entity.ClientEntity.toString(ClientEntity.java:11) ~[classes/:na]
	at java.base/java.lang.StringConcatHelper.stringOf(StringConcatHelper.java:453) ~[na:na]
	at com.zara.zaraservice.entity.UserEntity.toString(UserEntity.java:10) ~[classes/:na]
	at java.base/java.lang.StringConcatHelper.stringOf(StringConcatHelper.java:453) ~[na:na]
	at com.zara.zaraservice.entity.ClientEntity.toString(ClientEntity.java:11) ~[classes/:na]
	at java.base/java.lang.StringConcatHelper.stringOf(StringConcatHelper.java:453) ~[na:na]
	at com.zara.zaraservice.entity.UserEntity.toString(UserEntity.java:10) ~[classes/:na]
	at java.base/java.lang.StringConcatHelper.stringOf(StringConcatHelper.java:453) ~[na:na]
	at com.zara.zaraservice.entity.ClientEntity.toString(ClientEntity.java:11) ~[classes/:na]
	at java.base/java.lang.StringConcatHelper.stringOf(StringConcatHelper.java:453) ~[na:na]
	at com.zara.zaraservice.entity.UserEntity.toString(UserEntity.java:10) ~[classes/:na]
	at java.base/java.lang.StringConcatHelper.stringOf(StringConcatHelper.java:453) ~[na:na]
	at com.zara.zaraservice.entity.ClientEntity.toString(ClientEntity.java:11) ~[classes/:na]
	at java.base/java.lang.StringConcatHelper.stringOf(StringConcatHelper.java:453) ~[na:na]
	at com.zara.zaraservice.entity.UserEntity.toString(UserEntity.java:10) ~[classes/:na]
	at java.base/java.lang.StringConcatHelper.stringOf(StringConcatHelper.java:453) ~[na:na]
	at com.zara.zaraservice.entity.ClientEntity.toString(ClientEntity.java:11) ~[classes/:na]
	at java.base/java.lang.StringConcatHelper.stringOf(StringConcatHelper.java:453) ~[na:na]
	at com.zara.zaraservice.entity.UserEntity.toString(UserEntity.java:10) ~[classes/:na]
	at java.base/java.lang.StringConcatHelper.stringOf(StringConcatHelper.java:453) ~[na:na]
	at com.zara.zaraservice.entity.ClientEntity.toString(ClientEntity.java:11) ~[classes/:na]
	at java.base/java.lang.StringConcatHelper.stringOf(StringConcatHelper.java:453) ~[na:na]
	at com.zara.zaraservice.entity.UserEntity.toString(UserEntity.java:10) ~[classes/:na]
	at java.base/java.lang.StringConcatHelper.stringOf(StringConcatHelper.java:453) ~[na:na]
	at com.zara.zaraservice.entity.ClientEntity.toString(ClientEntity.java:11) ~[classes/:na]
	at java.base/java.lang.StringConcatHelper.stringOf(StringConcatHelper.java:453) ~[na:na]
	at com.zara.zaraservice.entity.UserEntity.toString(UserEntity.java:10) ~[classes/:na]
	at java.base/java.lang.StringConcatHelper.stringOf(StringConcatHelper.java:453) ~[na:na]
	at com.zara.zaraservice.entity.ClientEntity.toString(ClientEntity.java:11) ~[classes/:na]
	at java.base/java.lang.StringConcatHelper.stringOf(StringConcatHelper.java:453) ~[na:na]
	at com.zara.zaraservice.entity.UserEntity.toString(UserEntity.java:10) ~[classes/:na]
	at java.base/java.lang.StringConcatHelper.stringOf(StringConcatHelper.java:453) ~[na:na]
	at com.zara.zaraservice.entity.ClientEntity.toString(ClientEntity.java:11) ~[classes/:na]
	at java.base/java.lang.StringConcatHelper.stringOf(StringConcatHelper.java:453) ~[na:na]
	at com.zara.zaraservice.entity.UserEntity.toString(UserEntity.java:10) ~[classes/:na]
	at java.base/java.lang.StringConcatHelper.stringOf(StringConcatHelper.java:453) ~[na:na]
	at com.zara.zaraservice.entity.ClientEntity.toString(ClientEntity.java:11) ~[classes/:na]
	at java.base/java.lang.StringConcatHelper.stringOf(StringConcatHelper.java:453) ~[na:na]
	at com.zara.zaraservice.entity.UserEntity.toString(UserEntity.java:10) ~[classes/:na]
	at java.base/java.lang.StringConcatHelper.stringOf(StringConcatHelper.java:453) ~[na:na]
	at com.zara.zaraservice.entity.ClientEntity.toString(ClientEntity.java:11) ~[classes/:na]
	at java.base/java.lang.StringConcatHelper.stringOf(StringConcatHelper.java:453) ~[na:na]
	at com.zara.zaraservice.entity.UserEntity.toString(UserEntity.java:10) ~[classes/:na]
	at java.base/java.lang.StringConcatHelper.stringOf(StringConcatHelper.java:453) ~[na:na]
	at com.zara.zaraservice.entity.ClientEntity.toString(ClientEntity.java:11) ~[classes/:na]
	at java.base/java.lang.StringConcatHelper.stringOf(StringConcatHelper.java:453) ~[na:na]
	at com.zara.zaraservice.entity.UserEntity.toString(UserEntity.java:10) ~[classes/:na]
	at java.base/java.lang.StringConcatHelper.stringOf(StringConcatHelper.java:453) ~[na:na]
	at com.zara.zaraservice.entity.ClientEntity.toString(ClientEntity.java:11) ~[classes/:na]
	at java.base/java.lang.StringConcatHelper.stringOf(StringConcatHelper.java:453) ~[na:na]
	at com.zara.zaraservice.entity.UserEntity.toString(UserEntity.java:10) ~[classes/:na]
	at java.base/java.lang.StringConcatHelper.stringOf(StringConcatHelper.java:453) ~[na:na]
	at com.zara.zaraservice.entity.ClientEntity.toString(ClientEntity.java:11) ~[classes/:na]
	at java.base/java.lang.StringConcatHelper.stringOf(StringConcatHelper.java:453) ~[na:na]
	at com.zara.zaraservice.entity.UserEntity.toString(UserEntity.java:10) ~[classes/:na]
	at java.base/java.lang.StringConcatHelper.stringOf(StringConcatHelper.java:453) ~[na:na]
	at com.zara.zaraservice.entity.ClientEntity.toString(ClientEntity.java:11) ~[classes/:na]
	at java.base/java.lang.StringConcatHelper.stringOf(StringConcatHelper.java:453) ~[na:na]
	at com.zara.zaraservice.entity.UserEntity.toString(UserEntity.java:10) ~[classes/:na]
	at java.base/java.lang.StringConcatHelper.stringOf(StringConcatHelper.java:453) ~[na:na]
	at com.zara.zaraservice.entity.ClientEntity.toString(ClientEntity.java:11) ~[classes/:na]
	at java.base/java.lang.StringConcatHelper.stringOf(StringConcatHelper.java:453) ~[na:na]
	at com.zara.zaraservice.entity.UserEntity.toString(UserEntity.java:10) ~[classes/:na]
	at java.base/java.lang.StringConcatHelper.stringOf(StringConcatHelper.java:453) ~[na:na]
	at com.zara.zaraservice.entity.ClientEntity.toString(ClientEntity.java:11) ~[classes/:na]
	at java.base/java.lang.StringConcatHelper.stringOf(StringConcatHelper.java:453) ~[na:na]
	at com.zara.zaraservice.entity.UserEntity.toString(UserEntity.java:10) ~[classes/:na]
	at java.base/java.lang.StringConcatHelper.stringOf(StringConcatHelper.java:453) ~[na:na]
	at com.zara.zaraservice.entity.ClientEntity.toString(ClientEntity.java:11) ~[classes/:na]
	at java.base/java.lang.StringConcatHelper.stringOf(StringConcatHelper.java:453) ~[na:na]
	at com.zara.zaraservice.entity.UserEntity.toString(UserEntity.java:10) ~[classes/:na]
	at java.base/java.lang.StringConcatHelper.stringOf(StringConcatHelper.java:453) ~[na:na]
	at com.zara.zaraservice.entity.ClientEntity.toString(ClientEntity.java:11) ~[classes/:na]
	at java.base/java.lang.StringConcatHelper.stringOf(StringConcatHelper.java:453) ~[na:na]
	at com.zara.zaraservice.entity.UserEntity.toString(UserEntity.java:10) ~[classes/:na]
	at java.base/java.lang.StringConcatHelper.stringOf(StringConcatHelper.java:453) ~[na:na]
	at com.zara.zaraservice.entity.ClientEntity.toString(ClientEntity.java:11) ~[classes/:na]
	at java.base/java.lang.StringConcatHelper.stringOf(StringConcatHelper.java:453) ~[na:na]
	at com.zara.zaraservice.entity.UserEntity.toString(UserEntity.java:10) ~[classes/:na]
	at java.base/java.lang.StringConcatHelper.stringOf(StringConcatHelper.java:453) ~[na:na]
	at com.zara.zaraservice.entity.ClientEntity.toString(ClientEntity.java:11) ~[classes/:na]
	at java.base/java.lang.StringConcatHelper.stringOf(StringConcatHelper.java:453) ~[na:na]
	at com.zara.zaraservice.entity.UserEntity.toString(UserEntity.java:10) ~[classes/:na]
	at java.base/java.lang.StringConcatHelper.stringOf(StringConcatHelper.java:453) ~[na:na]
	at com.zara.zaraservice.entity.ClientEntity.toString(ClientEntity.java:11) ~[classes/:na]
	at java.base/java.lang.StringConcatHelper.stringOf(StringConcatHelper.java:453) ~[na:na]
	at com.zara.zaraservice.entity.UserEntity.toString(UserEntity.java:10) ~[classes/:na]
	at java.base/java.lang.StringConcatHelper.stringOf(StringConcatHelper.java:453) ~[na:na]
	at com.zara.zaraservice.entity.ClientEntity.toString(ClientEntity.java:11) ~[classes/:na]
	at java.base/java.lang.StringConcatHelper.stringOf(StringConcatHelper.java:453) ~[na:na]
	at com.zara.zaraservice.entity.UserEntity.toString(UserEntity.java:10) ~[classes/:na]
	at java.base/java.lang.StringConcatHelper.stringOf(StringConcatHelper.java:453) ~[na:na]
	at com.zara.zaraservice.entity.ClientEntity.toString(ClientEntity.java:11) ~[classes/:na]
	at java.base/java.lang.StringConcatHelper.stringOf(StringConcatHelper.java:453) ~[na:na]
	at com.zara.zaraservice.entity.UserEntity.toString(UserEntity.java:10) ~[classes/:na]
	at java.base/java.lang.StringConcatHelper.stringOf(StringConcatHelper.java:453) ~[na:na]
	at com.zara.zaraservice.entity.ClientEntity.toString(ClientEntity.java:11) ~[classes/:na]
	at java.base/java.lang.StringConcatHelper.stringOf(StringConcatHelper.java:453) ~[na:na]
	at com.zara.zaraservice.entity.UserEntity.toString(UserEntity.java:10) ~[classes/:na]
	at java.base/java.lang.StringConcatHelper.stringOf(StringConcatHelper.java:453) ~[na:na]
	at com.zara.zaraservice.entity.ClientEntity.toString(ClientEntity.java:11) ~[classes/:na]
	at java.base/java.lang.StringConcatHelper.stringOf(StringConcatHelper.java:453) ~[na:na]
	at com.zara.zaraservice.entity.UserEntity.toString(UserEntity.java:10) ~[classes/:na]
	at java.base/java.lang.StringConcatHelper.stringOf(StringConcatHelper.java:453) ~[na:na]
	at com.zara.zaraservice.entity.ClientEntity.toString(ClientEntity.java:11) ~[classes/:na]
	at java.base/java.lang.StringConcatHelper.stringOf(StringConcatHelper.java:453) ~[na:na]
	at com.zara.zaraservice.entity.UserEntity.toString(UserEntity.java:10) ~[classes/:na]
	at java.base/java.lang.StringConcatHelper.stringOf(StringConcatHelper.java:453) ~[na:na]
	at com.zara.zaraservice.entity.ClientEntity.toString(ClientEntity.java:11) ~[classes/:na]
	at java.base/java.lang.StringConcatHelper.stringOf(StringConcatHelper.java:453) ~[na:na]
	at com.zara.zaraservice.entity.UserEntity.toString(UserEntity.java:10) ~[classes/:na]
	at java.base/java.lang.StringConcatHelper.stringOf(StringConcatHelper.java:453) ~[na:na]
	at com.zara.zaraservice.entity.ClientEntity.toString(ClientEntity.java:11) ~[classes/:na]
	at java.base/java.lang.StringConcatHelper.stringOf(StringConcatHelper.java:453) ~[na:na]
	at com.zara.zaraservice.entity.UserEntity.toString(UserEntity.java:10) ~[classes/:na]
	at java.base/java.lang.StringConcatHelper.stringOf(StringConcatHelper.java:453) ~[na:na]
	at com.zara.zaraservice.entity.ClientEntity.toString(ClientEntity.java:11) ~[classes/:na]
	at java.base/java.lang.StringConcatHelper.stringOf(StringConcatHelper.java:453) ~[na:na]
	at com.zara.zaraservice.entity.UserEntity.toString(UserEntity.java:10) ~[classes/:na]
	at java.base/java.lang.StringConcatHelper.stringOf(StringConcatHelper.java:453) ~[na:na]
	at com.zara.zaraservice.entity.ClientEntity.toString(ClientEntity.java:11) ~[classes/:na]
	at java.base/java.lang.StringConcatHelper.stringOf(StringConcatHelper.java:453) ~[na:na]
	at com.zara.zaraservice.entity.UserEntity.toString(UserEntity.java:10) ~[classes/:na]
	at java.base/java.lang.StringConcatHelper.stringOf(StringConcatHelper.java:453) ~[na:na]
	at com.zara.zaraservice.entity.ClientEntity.toString(ClientEntity.java:11) ~[classes/:na]
	at java.base/java.lang.StringConcatHelper.stringOf(StringConcatHelper.java:453) ~[na:na]
	at com.zara.zaraservice.entity.UserEntity.toString(UserEntity.java:10) ~[classes/:na]
	at java.base/java.lang.StringConcatHelper.stringOf(StringConcatHelper.java:453) ~[na:na]
	at com.zara.zaraservice.entity.ClientEntity.toString(ClientEntity.java:11) ~[classes/:na]
	at java.base/java.lang.StringConcatHelper.stringOf(StringConcatHelper.java:453) ~[na:na]
	at com.zara.zaraservice.entity.UserEntity.toString(UserEntity.java:10) ~[classes/:na]
	at java.base/java.lang.StringConcatHelper.stringOf(StringConcatHelper.java:453) ~[na:na]
	at com.zara.zaraservice.entity.ClientEntity.toString(ClientEntity.java:11) ~[classes/:na]
	at java.base/java.lang.StringConcatHelper.stringOf(StringConcatHelper.java:453) ~[na:na]
	at com.zara.zaraservice.entity.UserEntity.toString(UserEntity.java:10) ~[classes/:na]
	at java.base/java.lang.StringConcatHelper.stringOf(StringConcatHelper.java:453) ~[na:na]
	at com.zara.zaraservice.entity.ClientEntity.toString(ClientEntity.java:11) ~[classes/:na]
	at java.base/java.lang.StringConcatHelper.stringOf(StringConcatHelper.java:453) ~[na:na]
	at com.zara.zaraservice.entity.UserEntity.toString(UserEntity.java:10) ~[classes/:na]
	at java.base/java.lang.StringConcatHelper.stringOf(StringConcatHelper.java:453) ~[na:na]
	at com.zara.zaraservice.entity.ClientEntity.toString(ClientEntity.java:11) ~[classes/:na]
	at java.base/java.lang.StringConcatHelper.stringOf(StringConcatHelper.java:453) ~[na:na]
	at com.zara.zaraservice.entity.UserEntity.toString(UserEntity.java:10) ~[classes/:na]
	at java.base/java.lang.StringConcatHelper.stringOf(StringConcatHelper.java:453) ~[na:na]
	at com.zara.zaraservice.entity.ClientEntity.toString(ClientEntity.java:11) ~[classes/:na]
	at java.base/java.lang.StringConcatHelper.stringOf(StringConcatHelper.java:453) ~[na:na]
	at com.zara.zaraservice.entity.UserEntity.toString(UserEntity.java:10) ~[classes/:na]
	at java.base/java.lang.StringConcatHelper.stringOf(StringConcatHelper.java:453) ~[na:na]
	at com.zara.zaraservice.entity.ClientEntity.toString(ClientEntity.java:11) ~[classes/:na]
	at java.base/java.lang.StringConcatHelper.stringOf(StringConcatHelper.java:453) ~[na:na]
	at com.zara.zaraservice.entity.UserEntity.toString(UserEntity.java:10) ~[classes/:na]
	at java.base/java.lang.StringConcatHelper.stringOf(StringConcatHelper.java:453) ~[na:na]
	at com.zara.zaraservice.entity.ClientEntity.toString(ClientEntity.java:11) ~[classes/:na]
	at java.base/java.lang.StringConcatHelper.stringOf(StringConcatHelper.java:453) ~[na:na]
	at com.zara.zaraservice.entity.UserEntity.toString(UserEntity.java:10) ~[classes/:na]
	at java.base/java.lang.StringConcatHelper.stringOf(StringConcatHelper.java:453) ~[na:na]
	at com.zara.zaraservice.entity.ClientEntity.toString(ClientEntity.java:11) ~[classes/:na]
	at java.base/java.lang.StringConcatHelper.stringOf(StringConcatHelper.java:453) ~[na:na]
	at com.zara.zaraservice.entity.UserEntity.toString(UserEntity.java:10) ~[classes/:na]
	at java.base/java.lang.StringConcatHelper.stringOf(StringConcatHelper.java:453) ~[na:na]
	at com.zara.zaraservice.entity.ClientEntity.toString(ClientEntity.java:11) ~[classes/:na]
	at java.base/java.lang.StringConcatHelper.stringOf(StringConcatHelper.java:453) ~[na:na]
	at com.zara.zaraservice.entity.UserEntity.toString(UserEntity.java:10) ~[classes/:na]
	at java.base/java.lang.StringConcatHelper.stringOf(StringConcatHelper.java:453) ~[na:na]
	at com.zara.zaraservice.entity.ClientEntity.toString(ClientEntity.java:11) ~[classes/:na]
	at java.base/java.lang.StringConcatHelper.stringOf(StringConcatHelper.java:453) ~[na:na]
	at com.zara.zaraservice.entity.UserEntity.toString(UserEntity.java:10) ~[classes/:na]
	at java.base/java.lang.StringConcatHelper.stringOf(StringConcatHelper.java:453) ~[na:na]
	at com.zara.zaraservice.entity.ClientEntity.toString(ClientEntity.java:11) ~[classes/:na]
	at java.base/java.lang.StringConcatHelper.stringOf(StringConcatHelper.java:453) ~[na:na]
	at com.zara.zaraservice.entity.UserEntity.toString(UserEntity.java:10) ~[classes/:na]
	at java.base/java.lang.StringConcatHelper.stringOf(StringConcatHelper.java:453) ~[na:na]
	at com.zara.zaraservice.entity.ClientEntity.toString(ClientEntity.java:11) ~[classes/:na]
	at java.base/java.lang.StringConcatHelper.stringOf(StringConcatHelper.java:453) ~[na:na]
	at com.zara.zaraservice.entity.UserEntity.toString(UserEntity.java:10) ~[classes/:na]
	at java.base/java.lang.StringConcatHelper.stringOf(StringConcatHelper.java:453) ~[na:na]
	at com.zara.zaraservice.entity.ClientEntity.toString(ClientEntity.java:11) ~[classes/:na]
	at java.base/java.lang.StringConcatHelper.stringOf(StringConcatHelper.java:453) ~[na:na]
	at com.zara.zaraservice.entity.UserEntity.toString(UserEntity.java:10) ~[classes/:na]
	at java.base/java.lang.StringConcatHelper.stringOf(StringConcatHelper.java:453) ~[na:na]
	at com.zara.zaraservice.entity.ClientEntity.toString(ClientEntity.java:11) ~[classes/:na]
	at java.base/java.lang.StringConcatHelper.stringOf(StringConcatHelper.java:453) ~[na:na]
	at com.zara.zaraservice.entity.UserEntity.toString(UserEntity.java:10) ~[classes/:na]
	at java.base/java.lang.StringConcatHelper.stringOf(StringConcatHelper.java:453) ~[na:na]
	at com.zara.zaraservice.entity.ClientEntity.toString(ClientEntity.java:11) ~[classes/:na]
	at java.base/java.lang.StringConcatHelper.stringOf(StringConcatHelper.java:453) ~[na:na]
	at com.zara.zaraservice.entity.UserEntity.toString(UserEntity.java:10) ~[classes/:na]
	at java.base/java.lang.StringConcatHelper.stringOf(StringConcatHelper.java:453) ~[na:na]
	at com.zara.zaraservice.entity.ClientEntity.toString(ClientEntity.java:11) ~[classes/:na]
	at java.base/java.lang.StringConcatHelper.stringOf(StringConcatHelper.java:453) ~[na:na]
	at com.zara.zaraservice.entity.UserEntity.toString(UserEntity.java:10) ~[classes/:na]
	at java.base/java.lang.StringConcatHelper.stringOf(StringConcatHelper.java:453) ~[na:na]
	at com.zara.zaraservice.entity.ClientEntity.toString(ClientEntity.java:11) ~[classes/:na]
	at java.base/java.lang.StringConcatHelper.stringOf(StringConcatHelper.java:453) ~[na:na]
	at com.zara.zaraservice.entity.UserEntity.toString(UserEntity.java:10) ~[classes/:na]
	at java.base/java.lang.StringConcatHelper.stringOf(StringConcatHelper.java:453) ~[na:na]
	at com.zara.zaraservice.entity.ClientEntity.toString(ClientEntity.java:11) ~[classes/:na]
	at java.base/java.lang.StringConcatHelper.stringOf(StringConcatHelper.java:453) ~[na:na]
	at com.zara.zaraservice.entity.UserEntity.toString(UserEntity.java:10) ~[classes/:na]
	at java.base/java.lang.StringConcatHelper.stringOf(StringConcatHelper.java:453) ~[na:na]
	at com.zara.zaraservice.entity.ClientEntity.toString(ClientEntity.java:11) ~[classes/:na]
	at java.base/java.lang.StringConcatHelper.stringOf(StringConcatHelper.java:453) ~[na:na]
	at com.zara.zaraservice.entity.UserEntity.toString(UserEntity.java:10) ~[classes/:na]
	at java.base/java.lang.StringConcatHelper.stringOf(StringConcatHelper.java:453) ~[na:na]
	at com.zara.zaraservice.entity.ClientEntity.toString(ClientEntity.java:11) ~[classes/:na]
	at java.base/java.lang.StringConcatHelper.stringOf(StringConcatHelper.java:453) ~[na:na]
	at com.zara.zaraservice.entity.UserEntity.toString(UserEntity.java:10) ~[classes/:na]
	at java.base/java.lang.StringConcatHelper.stringOf(StringConcatHelper.java:453) ~[na:na]
	at com.zara.zaraservice.entity.ClientEntity.toString(ClientEntity.java:11) ~[classes/:na]
	at java.base/java.lang.StringConcatHelper.stringOf(StringConcatHelper.java:453) ~[na:na]
	at com.zara.zaraservice.entity.UserEntity.toString(UserEntity.java:10) ~[classes/:na]
	at java.base/java.lang.StringConcatHelper.stringOf(StringConcatHelper.java:453) ~[na:na]
	at com.zara.zaraservice.entity.ClientEntity.toString(ClientEntity.java:11) ~[classes/:na]
	at java.base/java.lang.StringConcatHelper.stringOf(StringConcatHelper.java:453) ~[na:na]
	at com.zara.zaraservice.entity.UserEntity.toString(UserEntity.java:10) ~[classes/:na]
	at java.base/java.lang.StringConcatHelper.stringOf(StringConcatHelper.java:453) ~[na:na]
	at com.zara.zaraservice.entity.ClientEntity.toString(ClientEntity.java:11) ~[classes/:na]
	at java.base/java.lang.StringConcatHelper.stringOf(StringConcatHelper.java:453) ~[na:na]
	at com.zara.zaraservice.entity.UserEntity.toString(UserEntity.java:10) ~[classes/:na]
	at java.base/java.lang.StringConcatHelper.stringOf(StringConcatHelper.java:453) ~[na:na]
	at com.zara.zaraservice.entity.ClientEntity.toString(ClientEntity.java:11) ~[classes/:na]
	at java.base/java.lang.StringConcatHelper.stringOf(StringConcatHelper.java:453) ~[na:na]
	at com.zara.zaraservice.entity.UserEntity.toString(UserEntity.java:10) ~[classes/:na]
	at java.base/java.lang.StringConcatHelper.stringOf(StringConcatHelper.java:453) ~[na:na]
	at com.zara.zaraservice.entity.ClientEntity.toString(ClientEntity.java:11) ~[classes/:na]
	at java.base/java.lang.StringConcatHelper.stringOf(StringConcatHelper.java:453) ~[na:na]
	at com.zara.zaraservice.entity.UserEntity.toString(UserEntity.java:10) ~[classes/:na]
	at java.base/java.lang.StringConcatHelper.stringOf(StringConcatHelper.java:453) ~[na:na]
	at com.zara.zaraservice.entity.ClientEntity.toString(ClientEntity.java:11) ~[classes/:na]
	at java.base/java.lang.StringConcatHelper.stringOf(StringConcatHelper.java:453) ~[na:na]
	at com.zara.zaraservice.entity.UserEntity.toString(UserEntity.java:10) ~[classes/:na]
	at java.base/java.lang.StringConcatHelper.stringOf(StringConcatHelper.java:453) ~[na:na]
	at com.zara.zaraservice.entity.ClientEntity.toString(ClientEntity.java:11) ~[classes/:na]
	at java.base/java.lang.StringConcatHelper.stringOf(StringConcatHelper.java:453) ~[na:na]
	at com.zara.zaraservice.entity.UserEntity.toString(UserEntity.java:10) ~[classes/:na]
	at java.base/java.lang.StringConcatHelper.stringOf(StringConcatHelper.java:453) ~[na:na]
	at com.zara.zaraservice.entity.ClientEntity.toString(ClientEntity.java:11) ~[classes/:na]
	at java.base/java.lang.StringConcatHelper.stringOf(StringConcatHelper.java:453) ~[na:na]
	at com.zara.zaraservice.entity.UserEntity.toString(UserEntity.java:10) ~[classes/:na]
	at java.base/java.lang.StringConcatHelper.stringOf(StringConcatHelper.java:453) ~[na:na]
	at com.zara.zaraservice.entity.ClientEntity.toString(ClientEntity.java:11) ~[classes/:na]
	at java.base/java.lang.StringConcatHelper.stringOf(StringConcatHelper.java:453) ~[na:na]
	at com.zara.zaraservice.entity.UserEntity.toString(UserEntity.java:10) ~[classes/:na]
	at java.base/java.lang.StringConcatHelper.stringOf(StringConcatHelper.java:453) ~[na:na]
	at com.zara.zaraservice.entity.ClientEntity.toString(ClientEntity.java:11) ~[classes/:na]
	at java.base/java.lang.StringConcatHelper.stringOf(StringConcatHelper.java:453) ~[na:na]
	at com.zara.zaraservice.entity.UserEntity.toString(UserEntity.java:10) ~[classes/:na]
	at java.base/java.lang.StringConcatHelper.stringOf(StringConcatHelper.java:453) ~[na:na]
	at com.zara.zaraservice.entity.ClientEntity.toString(ClientEntity.java:11) ~[classes/:na]
	at java.base/java.lang.StringConcatHelper.stringOf(StringConcatHelper.java:453) ~[na:na]
	at com.zara.zaraservice.entity.UserEntity.toString(UserEntity.java:10) ~[classes/:na]
	at java.base/java.lang.StringConcatHelper.stringOf(StringConcatHelper.java:453) ~[na:na]
	at com.zara.zaraservice.entity.ClientEntity.toString(ClientEntity.java:11) ~[classes/:na]
	at java.base/java.lang.StringConcatHelper.stringOf(StringConcatHelper.java:453) ~[na:na]
	at com.zara.zaraservice.entity.UserEntity.toString(UserEntity.java:10) ~[classes/:na]
	at java.base/java.lang.StringConcatHelper.stringOf(StringConcatHelper.java:453) ~[na:na]
	at com.zara.zaraservice.entity.ClientEntity.toString(ClientEntity.java:11) ~[classes/:na]
	at java.base/java.lang.StringConcatHelper.stringOf(StringConcatHelper.java:453) ~[na:na]
	at com.zara.zaraservice.entity.UserEntity.toString(UserEntity.java:10) ~[classes/:na]
	at java.base/java.lang.StringConcatHelper.stringOf(StringConcatHelper.java:453) ~[na:na]
	at com.zara.zaraservice.entity.ClientEntity.toString(ClientEntity.java:11) ~[classes/:na]
	at java.base/java.lang.StringConcatHelper.stringOf(StringConcatHelper.java:453) ~[na:na]
	at com.zara.zaraservice.entity.UserEntity.toString(UserEntity.java:10) ~[classes/:na]
	at java.base/java.lang.StringConcatHelper.stringOf(StringConcatHelper.java:453) ~[na:na]
	at com.zara.zaraservice.entity.ClientEntity.toString(ClientEntity.java:11) ~[classes/:na]
	at java.base/java.lang.StringConcatHelper.stringOf(StringConcatHelper.java:453) ~[na:na]
	at com.zara.zaraservice.entity.UserEntity.toString(UserEntity.java:10) ~[classes/:na]
	at java.base/java.lang.StringConcatHelper.stringOf(StringConcatHelper.java:453) ~[na:na]
	at com.zara.zaraservice.entity.ClientEntity.toString(ClientEntity.java:11) ~[classes/:na]
	at java.base/java.lang.StringConcatHelper.stringOf(StringConcatHelper.java:453) ~[na:na]
	at com.zara.zaraservice.entity.UserEntity.toString(UserEntity.java:10) ~[classes/:na]
	at java.base/java.lang.StringConcatHelper.stringOf(StringConcatHelper.java:453) ~[na:na]
	at com.zara.zaraservice.entity.ClientEntity.toString(ClientEntity.java:11) ~[classes/:na]
	at java.base/java.lang.StringConcatHelper.stringOf(StringConcatHelper.java:453) ~[na:na]
	at com.zara.zaraservice.entity.UserEntity.toString(UserEntity.java:10) ~[classes/:na]
	at java.base/java.lang.StringConcatHelper.stringOf(StringConcatHelper.java:453) ~[na:na]
	at com.zara.zaraservice.entity.ClientEntity.toString(ClientEntity.java:11) ~[classes/:na]
	at java.base/java.lang.StringConcatHelper.stringOf(StringConcatHelper.java:453) ~[na:na]
	at com.zara.zaraservice.entity.UserEntity.toString(UserEntity.java:10) ~[classes/:na]
	at java.base/java.lang.StringConcatHelper.stringOf(StringConcatHelper.java:453) ~[na:na]
	at com.zara.zaraservice.entity.ClientEntity.toString(ClientEntity.java:11) ~[classes/:na]
	at java.base/java.lang.StringConcatHelper.stringOf(StringConcatHelper.java:453) ~[na:na]
	at com.zara.zaraservice.entity.UserEntity.toString(UserEntity.java:10) ~[classes/:na]
	at java.base/java.lang.StringConcatHelper.stringOf(StringConcatHelper.java:453) ~[na:na]
	at com.zara.zaraservice.entity.ClientEntity.toString(ClientEntity.java:11) ~[classes/:na]
	at java.base/java.lang.StringConcatHelper.stringOf(StringConcatHelper.java:453) ~[na:na]
	at com.zara.zaraservice.entity.UserEntity.toString(UserEntity.java:10) ~[classes/:na]
	at java.base/java.lang.StringConcatHelper.stringOf(StringConcatHelper.java:453) ~[na:na]
	at com.zara.zaraservice.entity.ClientEntity.toString(ClientEntity.java:11) ~[classes/:na]
	at java.base/java.lang.StringConcatHelper.stringOf(StringConcatHelper.java:453) ~[na:na]
	at com.zara.zaraservice.entity.UserEntity.toString(UserEntity.java:10) ~[classes/:na]
	at java.base/java.lang.StringConcatHelper.stringOf(StringConcatHelper.java:453) ~[na:na]
	at com.zara.zaraservice.entity.ClientEntity.toString(ClientEntity.java:11) ~[classes/:na]
	at java.base/java.lang.StringConcatHelper.stringOf(StringConcatHelper.java:453) ~[na:na]
	at com.zara.zaraservice.entity.UserEntity.toString(UserEntity.java:10) ~[classes/:na]
	at java.base/java.lang.StringConcatHelper.stringOf(StringConcatHelper.java:453) ~[na:na]
	at com.zara.zaraservice.entity.ClientEntity.toString(ClientEntity.java:11) ~[classes/:na]
	at java.base/java.lang.StringConcatHelper.stringOf(StringConcatHelper.java:453) ~[na:na]
	at com.zara.zaraservice.entity.UserEntity.toString(UserEntity.java:10) ~[classes/:na]
	at java.base/java.lang.StringConcatHelper.stringOf(StringConcatHelper.java:453) ~[na:na]
	at com.zara.zaraservice.entity.ClientEntity.toString(ClientEntity.java:11) ~[classes/:na]
	at java.base/java.lang.StringConcatHelper.stringOf(StringConcatHelper.java:453) ~[na:na]
	at com.zara.zaraservice.entity.UserEntity.toString(UserEntity.java:10) ~[classes/:na]
	at java.base/java.lang.StringConcatHelper.stringOf(StringConcatHelper.java:453) ~[na:na]
	at com.zara.zaraservice.entity.ClientEntity.toString(ClientEntity.java:11) ~[classes/:na]
	at java.base/java.lang.StringConcatHelper.stringOf(StringConcatHelper.java:453) ~[na:na]
	at com.zara.zaraservice.entity.UserEntity.toString(UserEntity.java:10) ~[classes/:na]
	at java.base/java.lang.StringConcatHelper.stringOf(StringConcatHelper.java:453) ~[na:na]
	at com.zara.zaraservice.entity.ClientEntity.toString(ClientEntity.java:11) ~[classes/:na]
	at java.base/java.lang.StringConcatHelper.stringOf(StringConcatHelper.java:453) ~[na:na]
	at com.zara.zaraservice.entity.UserEntity.toString(UserEntity.java:10) ~[classes/:na]
	at java.base/java.lang.StringConcatHelper.stringOf(StringConcatHelper.java:453) ~[na:na]
	at com.zara.zaraservice.entity.ClientEntity.toString(ClientEntity.java:11) ~[classes/:na]
	at java.base/java.lang.StringConcatHelper.stringOf(StringConcatHelper.java:453) ~[na:na]
	at com.zara.zaraservice.entity.UserEntity.toString(UserEntity.java:10) ~[classes/:na]
	at java.base/java.lang.StringConcatHelper.stringOf(StringConcatHelper.java:453) ~[na:na]
	at com.zara.zaraservice.entity.ClientEntity.toString(ClientEntity.java:11) ~[classes/:na]
	at java.base/java.lang.StringConcatHelper.stringOf(StringConcatHelper.java:453) ~[na:na]
	at com.zara.zaraservice.entity.UserEntity.toString(UserEntity.java:10) ~[classes/:na]
	at java.base/java.lang.StringConcatHelper.stringOf(StringConcatHelper.java:453) ~[na:na]
	at com.zara.zaraservice.entity.ClientEntity.toString(ClientEntity.java:11) ~[classes/:na]
	at java.base/java.lang.StringConcatHelper.stringOf(StringConcatHelper.java:453) ~[na:na]
	at com.zara.zaraservice.entity.UserEntity.toString(UserEntity.java:10) ~[classes/:na]
	at java.base/java.lang.StringConcatHelper.stringOf(StringConcatHelper.java:453) ~[na:na]
	at com.zara.zaraservice.entity.ClientEntity.toString(ClientEntity.java:11) ~[classes/:na]
	at java.base/java.lang.StringConcatHelper.stringOf(StringConcatHelper.java:453) ~[na:na]
	at com.zara.zaraservice.entity.UserEntity.toString(UserEntity.java:10) ~[classes/:na]
	at java.base/java.lang.StringConcatHelper.stringOf(StringConcatHelper.java:453) ~[na:na]
	at com.zara.zaraservice.entity.ClientEntity.toString(ClientEntity.java:11) ~[classes/:na]
	at java.base/java.lang.StringConcatHelper.stringOf(StringConcatHelper.java:453) ~[na:na]
	at com.zara.zaraservice.entity.UserEntity.toString(UserEntity.java:10) ~[classes/:na]
	at java.base/java.lang.StringConcatHelper.stringOf(StringConcatHelper.java:453) ~[na:na]
	at com.zara.zaraservice.entity.ClientEntity.toString(ClientEntity.java:11) ~[classes/:na]
	at java.base/java.lang.StringConcatHelper.stringOf(StringConcatHelper.java:453) ~[na:na]
	at com.zara.zaraservice.entity.UserEntity.toString(UserEntity.java:10) ~[classes/:na]
	at java.base/java.lang.StringConcatHelper.stringOf(StringConcatHelper.java:453) ~[na:na]
	at com.zara.zaraservice.entity.ClientEntity.toString(ClientEntity.java:11) ~[classes/:na]
	at java.base/java.lang.StringConcatHelper.stringOf(StringConcatHelper.java:453) ~[na:na]
	at com.zara.zaraservice.entity.UserEntity.toString(UserEntity.java:10) ~[classes/:na]
	at java.base/java.lang.StringConcatHelper.stringOf(StringConcatHelper.java:453) ~[na:na]
	at com.zara.zaraservice.entity.ClientEntity.toString(ClientEntity.java:11) ~[classes/:na]
	at java.base/java.lang.StringConcatHelper.stringOf(StringConcatHelper.java:453) ~[na:na]
	at com.zara.zaraservice.entity.UserEntity.toString(UserEntity.java:10) ~[classes/:na]
	at java.base/java.lang.StringConcatHelper.stringOf(StringConcatHelper.java:453) ~[na:na]
	at com.zara.zaraservice.entity.ClientEntity.toString(ClientEntity.java:11) ~[classes/:na]
	at java.base/java.lang.StringConcatHelper.stringOf(StringConcatHelper.java:453) ~[na:na]
	at com.zara.zaraservice.entity.UserEntity.toString(UserEntity.java:10) ~[classes/:na]
	at java.base/java.lang.StringConcatHelper.stringOf(StringConcatHelper.java:453) ~[na:na]
	at com.zara.zaraservice.entity.ClientEntity.toString(ClientEntity.java:11) ~[classes/:na]
	at java.base/java.lang.StringConcatHelper.stringOf(StringConcatHelper.java:453) ~[na:na]

2025-01-04T17:44:28.852+01:00  INFO 21376 --- [zaraservice] [SpringApplicationShutdownHook] o.s.b.w.e.tomcat.GracefulShutdown        : Commencing graceful shutdown. Waiting for active requests to complete
2025-01-04T17:44:29.343+01:00  INFO 21376 --- [zaraservice] [tomcat-shutdown] o.s.b.w.e.tomcat.GracefulShutdown        : Graceful shutdown complete
2025-01-04T17:44:29.346+01:00  INFO 21376 --- [zaraservice] [SpringApplicationShutdownHook] o.s.m.s.b.SimpleBrokerMessageHandler     : Stopping...
2025-01-04T17:44:29.346+01:00  INFO 21376 --- [zaraservice] [SpringApplicationShutdownHook] o.s.m.s.b.SimpleBrokerMessageHandler     : BrokerAvailabilityEvent[available=false, SimpleBrokerMessageHandler [org.springframework.messaging.simp.broker.DefaultSubscriptionRegistry@258fe58c]]
2025-01-04T17:44:29.347+01:00  INFO 21376 --- [zaraservice] [SpringApplicationShutdownHook] o.s.m.s.b.SimpleBrokerMessageHandler     : Stopped.
2025-01-04T17:44:29.365+01:00  INFO 21376 --- [zaraservice] [SpringApplicationShutdownHook] j.LocalContainerEntityManagerFactoryBean : Closing JPA EntityManagerFactory for persistence unit 'default'
2025-01-04T17:44:29.373+01:00  INFO 21376 --- [zaraservice] [SpringApplicationShutdownHook] com.zaxxer.hikari.HikariDataSource       : HikariPool-1 - Shutdown initiated...
2025-01-04T17:44:29.403+01:00  INFO 21376 --- [zaraservice] [SpringApplicationShutdownHook] com.zaxxer.hikari.HikariDataSource       : HikariPool-1 - Shutdown completed.
